<html>
<head>
<title>TestNG:  Surefire test</title>
<link href="../testng.css" rel="stylesheet" type="text/css" />
<link href="../my-testng.css" rel="stylesheet" type="text/css" />

<style type="text/css">
.log { display: none;} 
.stack-trace { display: none;} 
</style>
<script type="text/javascript">
<!--
function flip(e) {
  current = e.style.display;
  if (current == 'block') {
    e.style.display = 'none';
    return 0;
  }
  else {
    e.style.display = 'block';
    return 1;
  }
}

function toggleBox(szDivId, elem, msg1, msg2)
{
  var res = -1;  if (document.getElementById) {
    res = flip(document.getElementById(szDivId));
  }
  else if (document.all) {
    // this is the way old msie versions work
    res = flip(document.all[szDivId]);
  }
  if(elem) {
    if(res == 0) elem.innerHTML = msg1; else elem.innerHTML = msg2;
  }

}

function toggleAllBoxes() {
  if (document.getElementsByTagName) {
    d = document.getElementsByTagName('div');
    for (i = 0; i < d.length; i++) {
      if (d[i].className == 'log') {
        flip(d[i]);
      }
    }
  }
}

// -->
</script>

</head>
<body>
<h2 align='center'>Surefire test</h2><table border='1' align="center">
<tr>
<td>Tests passed/Failed/Skipped:</td><td>0/20/0</td>
</tr><tr>
<td>Started on:</td><td>Tue Nov 19 16:47:02 IST 2019</td>
</tr>
<tr><td>Total time:</td><td>2410 seconds (2410837 ms)</td>
</tr><tr>
<td>Included groups:</td><td></td>
</tr><tr>
<td>Excluded groups:</td><td></td>
</tr>
</table><p/>
<small><i>(Hover the method name to see the test class name)</i></small><p/>
<table width='100%' border='1' class='invocation-failed'>
<tr><td colspan='4' align='center'><b>FAILED TESTS</b></td></tr>
<tr><td><b>Test method</b></td>
<td width="30%"><b>Exception</b></td>
<td width="10%"><b>Time (seconds)</b></td>
<td><b>Instance</b></td>
</tr>
<tr>
<td title='core.tests.Package.tc_Packge_BloreBellandurSignaturePackage()'><b>tc_Packge_BloreBellandurSignaturePackage</b><br>Test class: core.tests.Package</td>
<td><div><pre>java.lang.Exception: Failure in Creating Control =&gt; Platform: ANDROID, Page: HomePage, Control Name: payNowBtn, Locator Type: XPATH, Locator Value: //*[contains(@text, &apos;PAY NOW&apos;)]. Exception: Index: 0, Size: 0
	at control.Control.throwControlCreationException(Control.java:73)
	at control.Control.createControl(Control.java:101)
	at page.Page.getControl(Page.java:59)
	at core.pages.HomePage.bloreBellandurSignaturePckg(HomePage.java:516)
	at core.tests.Package.tc_Packge_BloreBellandurSignaturePackage(Package.java:90)
... Removed 29 stack frames</pre></div><a href='#' onClick='toggleBox("stack-trace88397182", this, "Click to show all stack frames", "Click to hide stack frames")'>Click to show all stack frames</a>
<div class='stack-trace' id='stack-trace88397182'><pre>java.lang.Exception: Failure in Creating Control =&gt; Platform: ANDROID, Page: HomePage, Control Name: payNowBtn, Locator Type: XPATH, Locator Value: //*[contains(@text, &apos;PAY NOW&apos;)]. Exception: Index: 0, Size: 0
	at control.Control.throwControlCreationException(Control.java:73)
	at control.Control.createControl(Control.java:101)
	at page.Page.getControl(Page.java:59)
	at core.pages.HomePage.bloreBellandurSignaturePckg(HomePage.java:516)
	at core.tests.Package.tc_Packge_BloreBellandurSignaturePackage(Package.java:90)
	at sun.reflect.NativeMethodAccessorImpl.invoke0(Native Method)
	at sun.reflect.NativeMethodAccessorImpl.invoke(NativeMethodAccessorImpl.java:62)
	at sun.reflect.DelegatingMethodAccessorImpl.invoke(DelegatingMethodAccessorImpl.java:43)
	at java.lang.reflect.Method.invoke(Method.java:498)
	at org.testng.internal.MethodInvocationHelper.invokeMethod(MethodInvocationHelper.java:124)
	at org.testng.internal.Invoker.invokeMethod(Invoker.java:571)
	at org.testng.internal.Invoker.invokeTestMethod(Invoker.java:707)
	at org.testng.internal.Invoker.invokeTestMethods(Invoker.java:979)
	at org.testng.internal.TestMethodWorker.invokeTestMethods(TestMethodWorker.java:125)
	at org.testng.internal.TestMethodWorker.run(TestMethodWorker.java:109)
	at org.testng.TestRunner.privateRun(TestRunner.java:648)
	at org.testng.TestRunner.run(TestRunner.java:505)
	at org.testng.SuiteRunner.runTest(SuiteRunner.java:455)
	at org.testng.SuiteRunner.runSequentially(SuiteRunner.java:450)
	at org.testng.SuiteRunner.privateRun(SuiteRunner.java:415)
	at org.testng.SuiteRunner.run(SuiteRunner.java:364)
	at org.testng.SuiteRunnerWorker.runSuite(SuiteRunnerWorker.java:52)
	at org.testng.SuiteRunnerWorker.run(SuiteRunnerWorker.java:84)
	at org.testng.TestNG.runSuitesSequentially(TestNG.java:1187)
	at org.testng.TestNG.runSuitesLocally(TestNG.java:1116)
	at org.testng.TestNG.runSuites(TestNG.java:1028)
	at org.testng.TestNG.run(TestNG.java:996)
	at org.apache.maven.surefire.testng.TestNGExecutor.run(TestNGExecutor.java:132)
	at org.apache.maven.surefire.testng.TestNGDirectoryTestSuite.executeSingleClass(TestNGDirectoryTestSuite.java:112)
	at org.apache.maven.surefire.testng.TestNGDirectoryTestSuite.execute(TestNGDirectoryTestSuite.java:99)
	at org.apache.maven.surefire.testng.TestNGProvider.invoke(TestNGProvider.java:147)
	at org.apache.maven.surefire.booter.ForkedBooter.invokeProviderInSameClassLoader(ForkedBooter.java:290)
	at org.apache.maven.surefire.booter.ForkedBooter.runSuitesInProcess(ForkedBooter.java:242)
	at org.apache.maven.surefire.booter.ForkedBooter.main(ForkedBooter.java:121)
</pre></div></td>
<td>100</td>
<td>core.tests.Package@27efef64</td></tr>
<tr>
<td title='core.tests.Package.tc_Packge_BloreJayanagarLuxuryPackage()'><b>tc_Packge_BloreJayanagarLuxuryPackage</b><br>Test class: core.tests.Package</td>
<td><div><pre>java.lang.Exception: Failure in Creating Control =&gt; Platform: ANDROID, Page: HomePage, Control Name: payNowBtn, Locator Type: XPATH, Locator Value: //*[contains(@text, &apos;PAY NOW&apos;)]. Exception: Index: 0, Size: 0
	at control.Control.throwControlCreationException(Control.java:73)
	at control.Control.createControl(Control.java:101)
	at page.Page.getControl(Page.java:59)
	at core.pages.HomePage.bloreJayanagarLuxuryPckg(HomePage.java:421)
	at core.tests.Package.tc_Packge_BloreJayanagarLuxuryPackage(Package.java:50)
... Removed 29 stack frames</pre></div><a href='#' onClick='toggleBox("stack-trace932582590", this, "Click to show all stack frames", "Click to hide stack frames")'>Click to show all stack frames</a>
<div class='stack-trace' id='stack-trace932582590'><pre>java.lang.Exception: Failure in Creating Control =&gt; Platform: ANDROID, Page: HomePage, Control Name: payNowBtn, Locator Type: XPATH, Locator Value: //*[contains(@text, &apos;PAY NOW&apos;)]. Exception: Index: 0, Size: 0
	at control.Control.throwControlCreationException(Control.java:73)
	at control.Control.createControl(Control.java:101)
	at page.Page.getControl(Page.java:59)
	at core.pages.HomePage.bloreJayanagarLuxuryPckg(HomePage.java:421)
	at core.tests.Package.tc_Packge_BloreJayanagarLuxuryPackage(Package.java:50)
	at sun.reflect.NativeMethodAccessorImpl.invoke0(Native Method)
	at sun.reflect.NativeMethodAccessorImpl.invoke(NativeMethodAccessorImpl.java:62)
	at sun.reflect.DelegatingMethodAccessorImpl.invoke(DelegatingMethodAccessorImpl.java:43)
	at java.lang.reflect.Method.invoke(Method.java:498)
	at org.testng.internal.MethodInvocationHelper.invokeMethod(MethodInvocationHelper.java:124)
	at org.testng.internal.Invoker.invokeMethod(Invoker.java:571)
	at org.testng.internal.Invoker.invokeTestMethod(Invoker.java:707)
	at org.testng.internal.Invoker.invokeTestMethods(Invoker.java:979)
	at org.testng.internal.TestMethodWorker.invokeTestMethods(TestMethodWorker.java:125)
	at org.testng.internal.TestMethodWorker.run(TestMethodWorker.java:109)
	at org.testng.TestRunner.privateRun(TestRunner.java:648)
	at org.testng.TestRunner.run(TestRunner.java:505)
	at org.testng.SuiteRunner.runTest(SuiteRunner.java:455)
	at org.testng.SuiteRunner.runSequentially(SuiteRunner.java:450)
	at org.testng.SuiteRunner.privateRun(SuiteRunner.java:415)
	at org.testng.SuiteRunner.run(SuiteRunner.java:364)
	at org.testng.SuiteRunnerWorker.runSuite(SuiteRunnerWorker.java:52)
	at org.testng.SuiteRunnerWorker.run(SuiteRunnerWorker.java:84)
	at org.testng.TestNG.runSuitesSequentially(TestNG.java:1187)
	at org.testng.TestNG.runSuitesLocally(TestNG.java:1116)
	at org.testng.TestNG.runSuites(TestNG.java:1028)
	at org.testng.TestNG.run(TestNG.java:996)
	at org.apache.maven.surefire.testng.TestNGExecutor.run(TestNGExecutor.java:132)
	at org.apache.maven.surefire.testng.TestNGDirectoryTestSuite.executeSingleClass(TestNGDirectoryTestSuite.java:112)
	at org.apache.maven.surefire.testng.TestNGDirectoryTestSuite.execute(TestNGDirectoryTestSuite.java:99)
	at org.apache.maven.surefire.testng.TestNGProvider.invoke(TestNGProvider.java:147)
	at org.apache.maven.surefire.booter.ForkedBooter.invokeProviderInSameClassLoader(ForkedBooter.java:290)
	at org.apache.maven.surefire.booter.ForkedBooter.runSuitesInProcess(ForkedBooter.java:242)
	at org.apache.maven.surefire.booter.ForkedBooter.main(ForkedBooter.java:121)
</pre></div></td>
<td>98</td>
<td>core.tests.Package@27efef64</td></tr>
<tr>
<td title='core.tests.Package.tc_Packge_BloreJayanagarSignaturePackage()'><b>tc_Packge_BloreJayanagarSignaturePackage</b><br>Test class: core.tests.Package</td>
<td><div><pre>java.lang.Exception: Failure in Creating Control =&gt; Platform: ANDROID, Page: HomePage, Control Name: payNowBtn, Locator Type: XPATH, Locator Value: //*[contains(@text, &apos;PAY NOW&apos;)]. Exception: Index: 0, Size: 0
	at control.Control.throwControlCreationException(Control.java:73)
	at control.Control.createControl(Control.java:101)
	at page.Page.getControl(Page.java:59)
	at core.pages.HomePage.bloreJayanagarSignaturePckg(HomePage.java:402)
	at core.tests.Package.tc_Packge_BloreJayanagarSignaturePackage(Package.java:42)
... Removed 29 stack frames</pre></div><a href='#' onClick='toggleBox("stack-trace888557915", this, "Click to show all stack frames", "Click to hide stack frames")'>Click to show all stack frames</a>
<div class='stack-trace' id='stack-trace888557915'><pre>java.lang.Exception: Failure in Creating Control =&gt; Platform: ANDROID, Page: HomePage, Control Name: payNowBtn, Locator Type: XPATH, Locator Value: //*[contains(@text, &apos;PAY NOW&apos;)]. Exception: Index: 0, Size: 0
	at control.Control.throwControlCreationException(Control.java:73)
	at control.Control.createControl(Control.java:101)
	at page.Page.getControl(Page.java:59)
	at core.pages.HomePage.bloreJayanagarSignaturePckg(HomePage.java:402)
	at core.tests.Package.tc_Packge_BloreJayanagarSignaturePackage(Package.java:42)
	at sun.reflect.NativeMethodAccessorImpl.invoke0(Native Method)
	at sun.reflect.NativeMethodAccessorImpl.invoke(NativeMethodAccessorImpl.java:62)
	at sun.reflect.DelegatingMethodAccessorImpl.invoke(DelegatingMethodAccessorImpl.java:43)
	at java.lang.reflect.Method.invoke(Method.java:498)
	at org.testng.internal.MethodInvocationHelper.invokeMethod(MethodInvocationHelper.java:124)
	at org.testng.internal.Invoker.invokeMethod(Invoker.java:571)
	at org.testng.internal.Invoker.invokeTestMethod(Invoker.java:707)
	at org.testng.internal.Invoker.invokeTestMethods(Invoker.java:979)
	at org.testng.internal.TestMethodWorker.invokeTestMethods(TestMethodWorker.java:125)
	at org.testng.internal.TestMethodWorker.run(TestMethodWorker.java:109)
	at org.testng.TestRunner.privateRun(TestRunner.java:648)
	at org.testng.TestRunner.run(TestRunner.java:505)
	at org.testng.SuiteRunner.runTest(SuiteRunner.java:455)
	at org.testng.SuiteRunner.runSequentially(SuiteRunner.java:450)
	at org.testng.SuiteRunner.privateRun(SuiteRunner.java:415)
	at org.testng.SuiteRunner.run(SuiteRunner.java:364)
	at org.testng.SuiteRunnerWorker.runSuite(SuiteRunnerWorker.java:52)
	at org.testng.SuiteRunnerWorker.run(SuiteRunnerWorker.java:84)
	at org.testng.TestNG.runSuitesSequentially(TestNG.java:1187)
	at org.testng.TestNG.runSuitesLocally(TestNG.java:1116)
	at org.testng.TestNG.runSuites(TestNG.java:1028)
	at org.testng.TestNG.run(TestNG.java:996)
	at org.apache.maven.surefire.testng.TestNGExecutor.run(TestNGExecutor.java:132)
	at org.apache.maven.surefire.testng.TestNGDirectoryTestSuite.executeSingleClass(TestNGDirectoryTestSuite.java:112)
	at org.apache.maven.surefire.testng.TestNGDirectoryTestSuite.execute(TestNGDirectoryTestSuite.java:99)
	at org.apache.maven.surefire.testng.TestNGProvider.invoke(TestNGProvider.java:147)
	at org.apache.maven.surefire.booter.ForkedBooter.invokeProviderInSameClassLoader(ForkedBooter.java:290)
	at org.apache.maven.surefire.booter.ForkedBooter.runSuitesInProcess(ForkedBooter.java:242)
	at org.apache.maven.surefire.booter.ForkedBooter.main(ForkedBooter.java:121)
</pre></div></td>
<td>97</td>
<td>core.tests.Package@27efef64</td></tr>
<tr>
<td title='core.tests.Package.tc_Packge_BloreMalleshwaramLuxuryPackage()'><b>tc_Packge_BloreMalleshwaramLuxuryPackage</b><br>Test class: core.tests.Package</td>
<td><div><pre>java.lang.Exception: Failure in Creating Control =&gt; Platform: ANDROID, Page: HomePage, Control Name: payNowBtn, Locator Type: XPATH, Locator Value: //*[contains(@text, &apos;PAY NOW&apos;)]. Exception: Index: 0, Size: 0
	at control.Control.throwControlCreationException(Control.java:73)
	at control.Control.createControl(Control.java:101)
	at page.Page.getControl(Page.java:59)
	at core.pages.HomePage.bloreMalleshwaramLuxuryPckg(HomePage.java:383)
	at core.tests.Package.tc_Packge_BloreMalleshwaramLuxuryPackage(Package.java:34)
... Removed 29 stack frames</pre></div><a href='#' onClick='toggleBox("stack-trace1482246673", this, "Click to show all stack frames", "Click to hide stack frames")'>Click to show all stack frames</a>
<div class='stack-trace' id='stack-trace1482246673'><pre>java.lang.Exception: Failure in Creating Control =&gt; Platform: ANDROID, Page: HomePage, Control Name: payNowBtn, Locator Type: XPATH, Locator Value: //*[contains(@text, &apos;PAY NOW&apos;)]. Exception: Index: 0, Size: 0
	at control.Control.throwControlCreationException(Control.java:73)
	at control.Control.createControl(Control.java:101)
	at page.Page.getControl(Page.java:59)
	at core.pages.HomePage.bloreMalleshwaramLuxuryPckg(HomePage.java:383)
	at core.tests.Package.tc_Packge_BloreMalleshwaramLuxuryPackage(Package.java:34)
	at sun.reflect.NativeMethodAccessorImpl.invoke0(Native Method)
	at sun.reflect.NativeMethodAccessorImpl.invoke(NativeMethodAccessorImpl.java:62)
	at sun.reflect.DelegatingMethodAccessorImpl.invoke(DelegatingMethodAccessorImpl.java:43)
	at java.lang.reflect.Method.invoke(Method.java:498)
	at org.testng.internal.MethodInvocationHelper.invokeMethod(MethodInvocationHelper.java:124)
	at org.testng.internal.Invoker.invokeMethod(Invoker.java:571)
	at org.testng.internal.Invoker.invokeTestMethod(Invoker.java:707)
	at org.testng.internal.Invoker.invokeTestMethods(Invoker.java:979)
	at org.testng.internal.TestMethodWorker.invokeTestMethods(TestMethodWorker.java:125)
	at org.testng.internal.TestMethodWorker.run(TestMethodWorker.java:109)
	at org.testng.TestRunner.privateRun(TestRunner.java:648)
	at org.testng.TestRunner.run(TestRunner.java:505)
	at org.testng.SuiteRunner.runTest(SuiteRunner.java:455)
	at org.testng.SuiteRunner.runSequentially(SuiteRunner.java:450)
	at org.testng.SuiteRunner.privateRun(SuiteRunner.java:415)
	at org.testng.SuiteRunner.run(SuiteRunner.java:364)
	at org.testng.SuiteRunnerWorker.runSuite(SuiteRunnerWorker.java:52)
	at org.testng.SuiteRunnerWorker.run(SuiteRunnerWorker.java:84)
	at org.testng.TestNG.runSuitesSequentially(TestNG.java:1187)
	at org.testng.TestNG.runSuitesLocally(TestNG.java:1116)
	at org.testng.TestNG.runSuites(TestNG.java:1028)
	at org.testng.TestNG.run(TestNG.java:996)
	at org.apache.maven.surefire.testng.TestNGExecutor.run(TestNGExecutor.java:132)
	at org.apache.maven.surefire.testng.TestNGDirectoryTestSuite.executeSingleClass(TestNGDirectoryTestSuite.java:112)
	at org.apache.maven.surefire.testng.TestNGDirectoryTestSuite.execute(TestNGDirectoryTestSuite.java:99)
	at org.apache.maven.surefire.testng.TestNGProvider.invoke(TestNGProvider.java:147)
	at org.apache.maven.surefire.booter.ForkedBooter.invokeProviderInSameClassLoader(ForkedBooter.java:290)
	at org.apache.maven.surefire.booter.ForkedBooter.runSuitesInProcess(ForkedBooter.java:242)
	at org.apache.maven.surefire.booter.ForkedBooter.main(ForkedBooter.java:121)
</pre></div></td>
<td>97</td>
<td>core.tests.Package@27efef64</td></tr>
<tr>
<td title='core.tests.Package.tc_Packge_BloreMalleshwaramSignaturePackage()'><b>tc_Packge_BloreMalleshwaramSignaturePackage</b><br>Test class: core.tests.Package</td>
<td><div><pre>java.lang.Exception: Failure in Creating Control =&gt; Platform: ANDROID, Page: HomePage, Control Name: payNowBtn, Locator Type: XPATH, Locator Value: //*[contains(@text, &apos;PAY NOW&apos;)]. Exception: Index: 0, Size: 0
	at control.Control.throwControlCreationException(Control.java:73)
	at control.Control.createControl(Control.java:101)
	at page.Page.getControl(Page.java:59)
	at core.pages.HomePage.bloreMalleshwaramSignaturePckg(HomePage.java:364)
	at core.tests.Package.tc_Packge_BloreMalleshwaramSignaturePackage(Package.java:26)
... Removed 29 stack frames</pre></div><a href='#' onClick='toggleBox("stack-trace313082880", this, "Click to show all stack frames", "Click to hide stack frames")'>Click to show all stack frames</a>
<div class='stack-trace' id='stack-trace313082880'><pre>java.lang.Exception: Failure in Creating Control =&gt; Platform: ANDROID, Page: HomePage, Control Name: payNowBtn, Locator Type: XPATH, Locator Value: //*[contains(@text, &apos;PAY NOW&apos;)]. Exception: Index: 0, Size: 0
	at control.Control.throwControlCreationException(Control.java:73)
	at control.Control.createControl(Control.java:101)
	at page.Page.getControl(Page.java:59)
	at core.pages.HomePage.bloreMalleshwaramSignaturePckg(HomePage.java:364)
	at core.tests.Package.tc_Packge_BloreMalleshwaramSignaturePackage(Package.java:26)
	at sun.reflect.NativeMethodAccessorImpl.invoke0(Native Method)
	at sun.reflect.NativeMethodAccessorImpl.invoke(NativeMethodAccessorImpl.java:62)
	at sun.reflect.DelegatingMethodAccessorImpl.invoke(DelegatingMethodAccessorImpl.java:43)
	at java.lang.reflect.Method.invoke(Method.java:498)
	at org.testng.internal.MethodInvocationHelper.invokeMethod(MethodInvocationHelper.java:124)
	at org.testng.internal.Invoker.invokeMethod(Invoker.java:571)
	at org.testng.internal.Invoker.invokeTestMethod(Invoker.java:707)
	at org.testng.internal.Invoker.invokeTestMethods(Invoker.java:979)
	at org.testng.internal.TestMethodWorker.invokeTestMethods(TestMethodWorker.java:125)
	at org.testng.internal.TestMethodWorker.run(TestMethodWorker.java:109)
	at org.testng.TestRunner.privateRun(TestRunner.java:648)
	at org.testng.TestRunner.run(TestRunner.java:505)
	at org.testng.SuiteRunner.runTest(SuiteRunner.java:455)
	at org.testng.SuiteRunner.runSequentially(SuiteRunner.java:450)
	at org.testng.SuiteRunner.privateRun(SuiteRunner.java:415)
	at org.testng.SuiteRunner.run(SuiteRunner.java:364)
	at org.testng.SuiteRunnerWorker.runSuite(SuiteRunnerWorker.java:52)
	at org.testng.SuiteRunnerWorker.run(SuiteRunnerWorker.java:84)
	at org.testng.TestNG.runSuitesSequentially(TestNG.java:1187)
	at org.testng.TestNG.runSuitesLocally(TestNG.java:1116)
	at org.testng.TestNG.runSuites(TestNG.java:1028)
	at org.testng.TestNG.run(TestNG.java:996)
	at org.apache.maven.surefire.testng.TestNGExecutor.run(TestNGExecutor.java:132)
	at org.apache.maven.surefire.testng.TestNGDirectoryTestSuite.executeSingleClass(TestNGDirectoryTestSuite.java:112)
	at org.apache.maven.surefire.testng.TestNGDirectoryTestSuite.execute(TestNGDirectoryTestSuite.java:99)
	at org.apache.maven.surefire.testng.TestNGProvider.invoke(TestNGProvider.java:147)
	at org.apache.maven.surefire.booter.ForkedBooter.invokeProviderInSameClassLoader(ForkedBooter.java:290)
	at org.apache.maven.surefire.booter.ForkedBooter.runSuitesInProcess(ForkedBooter.java:242)
	at org.apache.maven.surefire.booter.ForkedBooter.main(ForkedBooter.java:121)
</pre></div></td>
<td>97</td>
<td>core.tests.Package@27efef64</td></tr>
<tr>
<td title='core.tests.Package.tc_Packge_BloreOARLuxuryPackage()'><b>tc_Packge_BloreOARLuxuryPackage</b><br>Test class: core.tests.Package</td>
<td><div><pre>java.lang.Exception: Failure in Creating Control =&gt; Platform: ANDROID, Page: HomePage, Control Name: payNowBtn, Locator Type: XPATH, Locator Value: //*[contains(@text, &apos;PAY NOW&apos;)]. Exception: Index: 0, Size: 0
	at control.Control.throwControlCreationException(Control.java:73)
	at control.Control.createControl(Control.java:101)
	at page.Page.getControl(Page.java:59)
	at core.pages.HomePage.bloreOARLuxuryPckg(HomePage.java:497)
	at core.tests.Package.tc_Packge_BloreOARLuxuryPackage(Package.java:82)
... Removed 29 stack frames</pre></div><a href='#' onClick='toggleBox("stack-trace302366050", this, "Click to show all stack frames", "Click to hide stack frames")'>Click to show all stack frames</a>
<div class='stack-trace' id='stack-trace302366050'><pre>java.lang.Exception: Failure in Creating Control =&gt; Platform: ANDROID, Page: HomePage, Control Name: payNowBtn, Locator Type: XPATH, Locator Value: //*[contains(@text, &apos;PAY NOW&apos;)]. Exception: Index: 0, Size: 0
	at control.Control.throwControlCreationException(Control.java:73)
	at control.Control.createControl(Control.java:101)
	at page.Page.getControl(Page.java:59)
	at core.pages.HomePage.bloreOARLuxuryPckg(HomePage.java:497)
	at core.tests.Package.tc_Packge_BloreOARLuxuryPackage(Package.java:82)
	at sun.reflect.NativeMethodAccessorImpl.invoke0(Native Method)
	at sun.reflect.NativeMethodAccessorImpl.invoke(NativeMethodAccessorImpl.java:62)
	at sun.reflect.DelegatingMethodAccessorImpl.invoke(DelegatingMethodAccessorImpl.java:43)
	at java.lang.reflect.Method.invoke(Method.java:498)
	at org.testng.internal.MethodInvocationHelper.invokeMethod(MethodInvocationHelper.java:124)
	at org.testng.internal.Invoker.invokeMethod(Invoker.java:571)
	at org.testng.internal.Invoker.invokeTestMethod(Invoker.java:707)
	at org.testng.internal.Invoker.invokeTestMethods(Invoker.java:979)
	at org.testng.internal.TestMethodWorker.invokeTestMethods(TestMethodWorker.java:125)
	at org.testng.internal.TestMethodWorker.run(TestMethodWorker.java:109)
	at org.testng.TestRunner.privateRun(TestRunner.java:648)
	at org.testng.TestRunner.run(TestRunner.java:505)
	at org.testng.SuiteRunner.runTest(SuiteRunner.java:455)
	at org.testng.SuiteRunner.runSequentially(SuiteRunner.java:450)
	at org.testng.SuiteRunner.privateRun(SuiteRunner.java:415)
	at org.testng.SuiteRunner.run(SuiteRunner.java:364)
	at org.testng.SuiteRunnerWorker.runSuite(SuiteRunnerWorker.java:52)
	at org.testng.SuiteRunnerWorker.run(SuiteRunnerWorker.java:84)
	at org.testng.TestNG.runSuitesSequentially(TestNG.java:1187)
	at org.testng.TestNG.runSuitesLocally(TestNG.java:1116)
	at org.testng.TestNG.runSuites(TestNG.java:1028)
	at org.testng.TestNG.run(TestNG.java:996)
	at org.apache.maven.surefire.testng.TestNGExecutor.run(TestNGExecutor.java:132)
	at org.apache.maven.surefire.testng.TestNGDirectoryTestSuite.executeSingleClass(TestNGDirectoryTestSuite.java:112)
	at org.apache.maven.surefire.testng.TestNGDirectoryTestSuite.execute(TestNGDirectoryTestSuite.java:99)
	at org.apache.maven.surefire.testng.TestNGProvider.invoke(TestNGProvider.java:147)
	at org.apache.maven.surefire.booter.ForkedBooter.invokeProviderInSameClassLoader(ForkedBooter.java:290)
	at org.apache.maven.surefire.booter.ForkedBooter.runSuitesInProcess(ForkedBooter.java:242)
	at org.apache.maven.surefire.booter.ForkedBooter.main(ForkedBooter.java:121)
</pre></div></td>
<td>97</td>
<td>core.tests.Package@27efef64</td></tr>
<tr>
<td title='core.tests.Package.tc_Packge_BloreOARSignaturePackage()'><b>tc_Packge_BloreOARSignaturePackage</b><br>Test class: core.tests.Package</td>
<td><div><pre>java.lang.Exception: Failure in Creating Control =&gt; Platform: ANDROID, Page: HomePage, Control Name: payNowBtn, Locator Type: XPATH, Locator Value: //*[contains(@text, &apos;PAY NOW&apos;)]. Exception: Index: 0, Size: 0
	at control.Control.throwControlCreationException(Control.java:73)
	at control.Control.createControl(Control.java:101)
	at page.Page.getControl(Page.java:59)
	at core.pages.HomePage.bloreOARSignaturePckg(HomePage.java:478)
	at core.tests.Package.tc_Packge_BloreOARSignaturePackage(Package.java:74)
... Removed 29 stack frames</pre></div><a href='#' onClick='toggleBox("stack-trace533810548", this, "Click to show all stack frames", "Click to hide stack frames")'>Click to show all stack frames</a>
<div class='stack-trace' id='stack-trace533810548'><pre>java.lang.Exception: Failure in Creating Control =&gt; Platform: ANDROID, Page: HomePage, Control Name: payNowBtn, Locator Type: XPATH, Locator Value: //*[contains(@text, &apos;PAY NOW&apos;)]. Exception: Index: 0, Size: 0
	at control.Control.throwControlCreationException(Control.java:73)
	at control.Control.createControl(Control.java:101)
	at page.Page.getControl(Page.java:59)
	at core.pages.HomePage.bloreOARSignaturePckg(HomePage.java:478)
	at core.tests.Package.tc_Packge_BloreOARSignaturePackage(Package.java:74)
	at sun.reflect.NativeMethodAccessorImpl.invoke0(Native Method)
	at sun.reflect.NativeMethodAccessorImpl.invoke(NativeMethodAccessorImpl.java:62)
	at sun.reflect.DelegatingMethodAccessorImpl.invoke(DelegatingMethodAccessorImpl.java:43)
	at java.lang.reflect.Method.invoke(Method.java:498)
	at org.testng.internal.MethodInvocationHelper.invokeMethod(MethodInvocationHelper.java:124)
	at org.testng.internal.Invoker.invokeMethod(Invoker.java:571)
	at org.testng.internal.Invoker.invokeTestMethod(Invoker.java:707)
	at org.testng.internal.Invoker.invokeTestMethods(Invoker.java:979)
	at org.testng.internal.TestMethodWorker.invokeTestMethods(TestMethodWorker.java:125)
	at org.testng.internal.TestMethodWorker.run(TestMethodWorker.java:109)
	at org.testng.TestRunner.privateRun(TestRunner.java:648)
	at org.testng.TestRunner.run(TestRunner.java:505)
	at org.testng.SuiteRunner.runTest(SuiteRunner.java:455)
	at org.testng.SuiteRunner.runSequentially(SuiteRunner.java:450)
	at org.testng.SuiteRunner.privateRun(SuiteRunner.java:415)
	at org.testng.SuiteRunner.run(SuiteRunner.java:364)
	at org.testng.SuiteRunnerWorker.runSuite(SuiteRunnerWorker.java:52)
	at org.testng.SuiteRunnerWorker.run(SuiteRunnerWorker.java:84)
	at org.testng.TestNG.runSuitesSequentially(TestNG.java:1187)
	at org.testng.TestNG.runSuitesLocally(TestNG.java:1116)
	at org.testng.TestNG.runSuites(TestNG.java:1028)
	at org.testng.TestNG.run(TestNG.java:996)
	at org.apache.maven.surefire.testng.TestNGExecutor.run(TestNGExecutor.java:132)
	at org.apache.maven.surefire.testng.TestNGDirectoryTestSuite.executeSingleClass(TestNGDirectoryTestSuite.java:112)
	at org.apache.maven.surefire.testng.TestNGDirectoryTestSuite.execute(TestNGDirectoryTestSuite.java:99)
	at org.apache.maven.surefire.testng.TestNGProvider.invoke(TestNGProvider.java:147)
	at org.apache.maven.surefire.booter.ForkedBooter.invokeProviderInSameClassLoader(ForkedBooter.java:290)
	at org.apache.maven.surefire.booter.ForkedBooter.runSuitesInProcess(ForkedBooter.java:242)
	at org.apache.maven.surefire.booter.ForkedBooter.main(ForkedBooter.java:121)
</pre></div></td>
<td>95</td>
<td>core.tests.Package@27efef64</td></tr>
<tr>
<td title='core.tests.Package.tc_Packge_BloreWhitefieldLuxuryPackage()'><b>tc_Packge_BloreWhitefieldLuxuryPackage</b><br>Test class: core.tests.Package</td>
<td><div><pre>java.lang.Exception: Failure in Creating Control =&gt; Platform: ANDROID, Page: HomePage, Control Name: payNowBtn, Locator Type: XPATH, Locator Value: //*[contains(@text, &apos;PAY NOW&apos;)]. Exception: Index: 0, Size: 0
	at control.Control.throwControlCreationException(Control.java:73)
	at control.Control.createControl(Control.java:101)
	at page.Page.getControl(Page.java:59)
	at core.pages.HomePage.bloreWhitefieldLuxuryPckg(HomePage.java:459)
	at core.tests.Package.tc_Packge_BloreWhitefieldLuxuryPackage(Package.java:66)
... Removed 29 stack frames</pre></div><a href='#' onClick='toggleBox("stack-trace1661210650", this, "Click to show all stack frames", "Click to hide stack frames")'>Click to show all stack frames</a>
<div class='stack-trace' id='stack-trace1661210650'><pre>java.lang.Exception: Failure in Creating Control =&gt; Platform: ANDROID, Page: HomePage, Control Name: payNowBtn, Locator Type: XPATH, Locator Value: //*[contains(@text, &apos;PAY NOW&apos;)]. Exception: Index: 0, Size: 0
	at control.Control.throwControlCreationException(Control.java:73)
	at control.Control.createControl(Control.java:101)
	at page.Page.getControl(Page.java:59)
	at core.pages.HomePage.bloreWhitefieldLuxuryPckg(HomePage.java:459)
	at core.tests.Package.tc_Packge_BloreWhitefieldLuxuryPackage(Package.java:66)
	at sun.reflect.NativeMethodAccessorImpl.invoke0(Native Method)
	at sun.reflect.NativeMethodAccessorImpl.invoke(NativeMethodAccessorImpl.java:62)
	at sun.reflect.DelegatingMethodAccessorImpl.invoke(DelegatingMethodAccessorImpl.java:43)
	at java.lang.reflect.Method.invoke(Method.java:498)
	at org.testng.internal.MethodInvocationHelper.invokeMethod(MethodInvocationHelper.java:124)
	at org.testng.internal.Invoker.invokeMethod(Invoker.java:571)
	at org.testng.internal.Invoker.invokeTestMethod(Invoker.java:707)
	at org.testng.internal.Invoker.invokeTestMethods(Invoker.java:979)
	at org.testng.internal.TestMethodWorker.invokeTestMethods(TestMethodWorker.java:125)
	at org.testng.internal.TestMethodWorker.run(TestMethodWorker.java:109)
	at org.testng.TestRunner.privateRun(TestRunner.java:648)
	at org.testng.TestRunner.run(TestRunner.java:505)
	at org.testng.SuiteRunner.runTest(SuiteRunner.java:455)
	at org.testng.SuiteRunner.runSequentially(SuiteRunner.java:450)
	at org.testng.SuiteRunner.privateRun(SuiteRunner.java:415)
	at org.testng.SuiteRunner.run(SuiteRunner.java:364)
	at org.testng.SuiteRunnerWorker.runSuite(SuiteRunnerWorker.java:52)
	at org.testng.SuiteRunnerWorker.run(SuiteRunnerWorker.java:84)
	at org.testng.TestNG.runSuitesSequentially(TestNG.java:1187)
	at org.testng.TestNG.runSuitesLocally(TestNG.java:1116)
	at org.testng.TestNG.runSuites(TestNG.java:1028)
	at org.testng.TestNG.run(TestNG.java:996)
	at org.apache.maven.surefire.testng.TestNGExecutor.run(TestNGExecutor.java:132)
	at org.apache.maven.surefire.testng.TestNGDirectoryTestSuite.executeSingleClass(TestNGDirectoryTestSuite.java:112)
	at org.apache.maven.surefire.testng.TestNGDirectoryTestSuite.execute(TestNGDirectoryTestSuite.java:99)
	at org.apache.maven.surefire.testng.TestNGProvider.invoke(TestNGProvider.java:147)
	at org.apache.maven.surefire.booter.ForkedBooter.invokeProviderInSameClassLoader(ForkedBooter.java:290)
	at org.apache.maven.surefire.booter.ForkedBooter.runSuitesInProcess(ForkedBooter.java:242)
	at org.apache.maven.surefire.booter.ForkedBooter.main(ForkedBooter.java:121)
</pre></div></td>
<td>95</td>
<td>core.tests.Package@27efef64</td></tr>
<tr>
<td title='core.tests.Package.tc_Packge_BloreWhitefieldSignaturePackage()'><b>tc_Packge_BloreWhitefieldSignaturePackage</b><br>Test class: core.tests.Package</td>
<td><div><pre>java.lang.Exception: Failure in Creating Control =&gt; Platform: ANDROID, Page: HomePage, Control Name: payNowBtn, Locator Type: XPATH, Locator Value: //*[contains(@text, &apos;PAY NOW&apos;)]. Exception: Index: 0, Size: 0
	at control.Control.throwControlCreationException(Control.java:73)
	at control.Control.createControl(Control.java:101)
	at page.Page.getControl(Page.java:59)
	at core.pages.HomePage.bloreWhitefieldSignaturePckg(HomePage.java:440)
	at core.tests.Package.tc_Packge_BloreWhitefieldSignaturePackage(Package.java:58)
... Removed 29 stack frames</pre></div><a href='#' onClick='toggleBox("stack-trace1168420930", this, "Click to show all stack frames", "Click to hide stack frames")'>Click to show all stack frames</a>
<div class='stack-trace' id='stack-trace1168420930'><pre>java.lang.Exception: Failure in Creating Control =&gt; Platform: ANDROID, Page: HomePage, Control Name: payNowBtn, Locator Type: XPATH, Locator Value: //*[contains(@text, &apos;PAY NOW&apos;)]. Exception: Index: 0, Size: 0
	at control.Control.throwControlCreationException(Control.java:73)
	at control.Control.createControl(Control.java:101)
	at page.Page.getControl(Page.java:59)
	at core.pages.HomePage.bloreWhitefieldSignaturePckg(HomePage.java:440)
	at core.tests.Package.tc_Packge_BloreWhitefieldSignaturePackage(Package.java:58)
	at sun.reflect.NativeMethodAccessorImpl.invoke0(Native Method)
	at sun.reflect.NativeMethodAccessorImpl.invoke(NativeMethodAccessorImpl.java:62)
	at sun.reflect.DelegatingMethodAccessorImpl.invoke(DelegatingMethodAccessorImpl.java:43)
	at java.lang.reflect.Method.invoke(Method.java:498)
	at org.testng.internal.MethodInvocationHelper.invokeMethod(MethodInvocationHelper.java:124)
	at org.testng.internal.Invoker.invokeMethod(Invoker.java:571)
	at org.testng.internal.Invoker.invokeTestMethod(Invoker.java:707)
	at org.testng.internal.Invoker.invokeTestMethods(Invoker.java:979)
	at org.testng.internal.TestMethodWorker.invokeTestMethods(TestMethodWorker.java:125)
	at org.testng.internal.TestMethodWorker.run(TestMethodWorker.java:109)
	at org.testng.TestRunner.privateRun(TestRunner.java:648)
	at org.testng.TestRunner.run(TestRunner.java:505)
	at org.testng.SuiteRunner.runTest(SuiteRunner.java:455)
	at org.testng.SuiteRunner.runSequentially(SuiteRunner.java:450)
	at org.testng.SuiteRunner.privateRun(SuiteRunner.java:415)
	at org.testng.SuiteRunner.run(SuiteRunner.java:364)
	at org.testng.SuiteRunnerWorker.runSuite(SuiteRunnerWorker.java:52)
	at org.testng.SuiteRunnerWorker.run(SuiteRunnerWorker.java:84)
	at org.testng.TestNG.runSuitesSequentially(TestNG.java:1187)
	at org.testng.TestNG.runSuitesLocally(TestNG.java:1116)
	at org.testng.TestNG.runSuites(TestNG.java:1028)
	at org.testng.TestNG.run(TestNG.java:996)
	at org.apache.maven.surefire.testng.TestNGExecutor.run(TestNGExecutor.java:132)
	at org.apache.maven.surefire.testng.TestNGDirectoryTestSuite.executeSingleClass(TestNGDirectoryTestSuite.java:112)
	at org.apache.maven.surefire.testng.TestNGDirectoryTestSuite.execute(TestNGDirectoryTestSuite.java:99)
	at org.apache.maven.surefire.testng.TestNGProvider.invoke(TestNGProvider.java:147)
	at org.apache.maven.surefire.booter.ForkedBooter.invokeProviderInSameClassLoader(ForkedBooter.java:290)
	at org.apache.maven.surefire.booter.ForkedBooter.runSuitesInProcess(ForkedBooter.java:242)
	at org.apache.maven.surefire.booter.ForkedBooter.main(ForkedBooter.java:121)
</pre></div></td>
<td>98</td>
<td>core.tests.Package@27efef64</td></tr>
<tr>
<td title='core.tests.Package.tc_Packge_GurgaonSector47SignaturePackage()'><b>tc_Packge_GurgaonSector47SignaturePackage</b><br>Test class: core.tests.Package</td>
<td><div><pre>java.lang.Exception: Failure in Creating Control =&gt; Platform: ANDROID, Page: HomePage, Control Name: payNowBtn, Locator Type: XPATH, Locator Value: //*[contains(@text, &apos;PAY NOW&apos;)]. Exception: Index: 0, Size: 0
	at control.Control.throwControlCreationException(Control.java:73)
	at control.Control.createControl(Control.java:101)
	at page.Page.getControl(Page.java:59)
	at core.pages.HomePage.gurgaonSector47SignaturePckg(HomePage.java:687)
	at core.tests.Package.tc_Packge_GurgaonSector47SignaturePackage(Package.java:162)
... Removed 29 stack frames</pre></div><a href='#' onClick='toggleBox("stack-trace1076984738", this, "Click to show all stack frames", "Click to hide stack frames")'>Click to show all stack frames</a>
<div class='stack-trace' id='stack-trace1076984738'><pre>java.lang.Exception: Failure in Creating Control =&gt; Platform: ANDROID, Page: HomePage, Control Name: payNowBtn, Locator Type: XPATH, Locator Value: //*[contains(@text, &apos;PAY NOW&apos;)]. Exception: Index: 0, Size: 0
	at control.Control.throwControlCreationException(Control.java:73)
	at control.Control.createControl(Control.java:101)
	at page.Page.getControl(Page.java:59)
	at core.pages.HomePage.gurgaonSector47SignaturePckg(HomePage.java:687)
	at core.tests.Package.tc_Packge_GurgaonSector47SignaturePackage(Package.java:162)
	at sun.reflect.NativeMethodAccessorImpl.invoke0(Native Method)
	at sun.reflect.NativeMethodAccessorImpl.invoke(NativeMethodAccessorImpl.java:62)
	at sun.reflect.DelegatingMethodAccessorImpl.invoke(DelegatingMethodAccessorImpl.java:43)
	at java.lang.reflect.Method.invoke(Method.java:498)
	at org.testng.internal.MethodInvocationHelper.invokeMethod(MethodInvocationHelper.java:124)
	at org.testng.internal.Invoker.invokeMethod(Invoker.java:571)
	at org.testng.internal.Invoker.invokeTestMethod(Invoker.java:707)
	at org.testng.internal.Invoker.invokeTestMethods(Invoker.java:979)
	at org.testng.internal.TestMethodWorker.invokeTestMethods(TestMethodWorker.java:125)
	at org.testng.internal.TestMethodWorker.run(TestMethodWorker.java:109)
	at org.testng.TestRunner.privateRun(TestRunner.java:648)
	at org.testng.TestRunner.run(TestRunner.java:505)
	at org.testng.SuiteRunner.runTest(SuiteRunner.java:455)
	at org.testng.SuiteRunner.runSequentially(SuiteRunner.java:450)
	at org.testng.SuiteRunner.privateRun(SuiteRunner.java:415)
	at org.testng.SuiteRunner.run(SuiteRunner.java:364)
	at org.testng.SuiteRunnerWorker.runSuite(SuiteRunnerWorker.java:52)
	at org.testng.SuiteRunnerWorker.run(SuiteRunnerWorker.java:84)
	at org.testng.TestNG.runSuitesSequentially(TestNG.java:1187)
	at org.testng.TestNG.runSuitesLocally(TestNG.java:1116)
	at org.testng.TestNG.runSuites(TestNG.java:1028)
	at org.testng.TestNG.run(TestNG.java:996)
	at org.apache.maven.surefire.testng.TestNGExecutor.run(TestNGExecutor.java:132)
	at org.apache.maven.surefire.testng.TestNGDirectoryTestSuite.executeSingleClass(TestNGDirectoryTestSuite.java:112)
	at org.apache.maven.surefire.testng.TestNGDirectoryTestSuite.execute(TestNGDirectoryTestSuite.java:99)
	at org.apache.maven.surefire.testng.TestNGProvider.invoke(TestNGProvider.java:147)
	at org.apache.maven.surefire.booter.ForkedBooter.invokeProviderInSameClassLoader(ForkedBooter.java:290)
	at org.apache.maven.surefire.booter.ForkedBooter.runSuitesInProcess(ForkedBooter.java:242)
	at org.apache.maven.surefire.booter.ForkedBooter.main(ForkedBooter.java:121)
</pre></div></td>
<td>96</td>
<td>core.tests.Package@27efef64</td></tr>
<tr>
<td title='core.tests.Package.tc_Packge_HRBRLuxuryPackage()'><b>tc_Packge_HRBRLuxuryPackage</b><br>Test class: core.tests.Package</td>
<td><div><pre>java.lang.Exception: Failure in Creating Control =&gt; Platform: ANDROID, Page: HomePage, Control Name: payNowBtn, Locator Type: XPATH, Locator Value: //*[contains(@text, &apos;PAY NOW&apos;)]. Exception: Index: 0, Size: 0
	at control.Control.throwControlCreationException(Control.java:73)
	at control.Control.createControl(Control.java:101)
	at page.Page.getControl(Page.java:59)
	at core.pages.HomePage.hrbrLuxuryPckg(HomePage.java:345)
	at core.tests.Package.tc_Packge_HRBRLuxuryPackage(Package.java:18)
... Removed 29 stack frames</pre></div><a href='#' onClick='toggleBox("stack-trace28597262", this, "Click to show all stack frames", "Click to hide stack frames")'>Click to show all stack frames</a>
<div class='stack-trace' id='stack-trace28597262'><pre>java.lang.Exception: Failure in Creating Control =&gt; Platform: ANDROID, Page: HomePage, Control Name: payNowBtn, Locator Type: XPATH, Locator Value: //*[contains(@text, &apos;PAY NOW&apos;)]. Exception: Index: 0, Size: 0
	at control.Control.throwControlCreationException(Control.java:73)
	at control.Control.createControl(Control.java:101)
	at page.Page.getControl(Page.java:59)
	at core.pages.HomePage.hrbrLuxuryPckg(HomePage.java:345)
	at core.tests.Package.tc_Packge_HRBRLuxuryPackage(Package.java:18)
	at sun.reflect.NativeMethodAccessorImpl.invoke0(Native Method)
	at sun.reflect.NativeMethodAccessorImpl.invoke(NativeMethodAccessorImpl.java:62)
	at sun.reflect.DelegatingMethodAccessorImpl.invoke(DelegatingMethodAccessorImpl.java:43)
	at java.lang.reflect.Method.invoke(Method.java:498)
	at org.testng.internal.MethodInvocationHelper.invokeMethod(MethodInvocationHelper.java:124)
	at org.testng.internal.Invoker.invokeMethod(Invoker.java:571)
	at org.testng.internal.Invoker.invokeTestMethod(Invoker.java:707)
	at org.testng.internal.Invoker.invokeTestMethods(Invoker.java:979)
	at org.testng.internal.TestMethodWorker.invokeTestMethods(TestMethodWorker.java:125)
	at org.testng.internal.TestMethodWorker.run(TestMethodWorker.java:109)
	at org.testng.TestRunner.privateRun(TestRunner.java:648)
	at org.testng.TestRunner.run(TestRunner.java:505)
	at org.testng.SuiteRunner.runTest(SuiteRunner.java:455)
	at org.testng.SuiteRunner.runSequentially(SuiteRunner.java:450)
	at org.testng.SuiteRunner.privateRun(SuiteRunner.java:415)
	at org.testng.SuiteRunner.run(SuiteRunner.java:364)
	at org.testng.SuiteRunnerWorker.runSuite(SuiteRunnerWorker.java:52)
	at org.testng.SuiteRunnerWorker.run(SuiteRunnerWorker.java:84)
	at org.testng.TestNG.runSuitesSequentially(TestNG.java:1187)
	at org.testng.TestNG.runSuitesLocally(TestNG.java:1116)
	at org.testng.TestNG.runSuites(TestNG.java:1028)
	at org.testng.TestNG.run(TestNG.java:996)
	at org.apache.maven.surefire.testng.TestNGExecutor.run(TestNGExecutor.java:132)
	at org.apache.maven.surefire.testng.TestNGDirectoryTestSuite.executeSingleClass(TestNGDirectoryTestSuite.java:112)
	at org.apache.maven.surefire.testng.TestNGDirectoryTestSuite.execute(TestNGDirectoryTestSuite.java:99)
	at org.apache.maven.surefire.testng.TestNGProvider.invoke(TestNGProvider.java:147)
	at org.apache.maven.surefire.booter.ForkedBooter.invokeProviderInSameClassLoader(ForkedBooter.java:290)
	at org.apache.maven.surefire.booter.ForkedBooter.runSuitesInProcess(ForkedBooter.java:242)
	at org.apache.maven.surefire.booter.ForkedBooter.main(ForkedBooter.java:121)
</pre></div></td>
<td>83</td>
<td>core.tests.Package@27efef64</td></tr>
<tr>
<td title='core.tests.Package.tc_Packge_HRBRSignaturePackage()'><b>tc_Packge_HRBRSignaturePackage</b><br>Test class: core.tests.Package</td>
<td><div><pre>java.lang.Exception: Failure in Creating Control =&gt; Platform: ANDROID, Page: HomePage, Control Name: payNowBtn, Locator Type: XPATH, Locator Value: //*[contains(@text, &apos;PAY NOW&apos;)]. Exception: Index: 0, Size: 0
	at control.Control.throwControlCreationException(Control.java:73)
	at control.Control.createControl(Control.java:101)
	at page.Page.getControl(Page.java:59)
	at core.pages.HomePage.hrbrSignaturePckg(HomePage.java:332)
	at core.tests.Package.tc_Packge_HRBRSignaturePackage(Package.java:10)
... Removed 29 stack frames</pre></div><a href='#' onClick='toggleBox("stack-trace332699949", this, "Click to show all stack frames", "Click to hide stack frames")'>Click to show all stack frames</a>
<div class='stack-trace' id='stack-trace332699949'><pre>java.lang.Exception: Failure in Creating Control =&gt; Platform: ANDROID, Page: HomePage, Control Name: payNowBtn, Locator Type: XPATH, Locator Value: //*[contains(@text, &apos;PAY NOW&apos;)]. Exception: Index: 0, Size: 0
	at control.Control.throwControlCreationException(Control.java:73)
	at control.Control.createControl(Control.java:101)
	at page.Page.getControl(Page.java:59)
	at core.pages.HomePage.hrbrSignaturePckg(HomePage.java:332)
	at core.tests.Package.tc_Packge_HRBRSignaturePackage(Package.java:10)
	at sun.reflect.NativeMethodAccessorImpl.invoke0(Native Method)
	at sun.reflect.NativeMethodAccessorImpl.invoke(NativeMethodAccessorImpl.java:62)
	at sun.reflect.DelegatingMethodAccessorImpl.invoke(DelegatingMethodAccessorImpl.java:43)
	at java.lang.reflect.Method.invoke(Method.java:498)
	at org.testng.internal.MethodInvocationHelper.invokeMethod(MethodInvocationHelper.java:124)
	at org.testng.internal.Invoker.invokeMethod(Invoker.java:571)
	at org.testng.internal.Invoker.invokeTestMethod(Invoker.java:707)
	at org.testng.internal.Invoker.invokeTestMethods(Invoker.java:979)
	at org.testng.internal.TestMethodWorker.invokeTestMethods(TestMethodWorker.java:125)
	at org.testng.internal.TestMethodWorker.run(TestMethodWorker.java:109)
	at org.testng.TestRunner.privateRun(TestRunner.java:648)
	at org.testng.TestRunner.run(TestRunner.java:505)
	at org.testng.SuiteRunner.runTest(SuiteRunner.java:455)
	at org.testng.SuiteRunner.runSequentially(SuiteRunner.java:450)
	at org.testng.SuiteRunner.privateRun(SuiteRunner.java:415)
	at org.testng.SuiteRunner.run(SuiteRunner.java:364)
	at org.testng.SuiteRunnerWorker.runSuite(SuiteRunnerWorker.java:52)
	at org.testng.SuiteRunnerWorker.run(SuiteRunnerWorker.java:84)
	at org.testng.TestNG.runSuitesSequentially(TestNG.java:1187)
	at org.testng.TestNG.runSuitesLocally(TestNG.java:1116)
	at org.testng.TestNG.runSuites(TestNG.java:1028)
	at org.testng.TestNG.run(TestNG.java:996)
	at org.apache.maven.surefire.testng.TestNGExecutor.run(TestNGExecutor.java:132)
	at org.apache.maven.surefire.testng.TestNGDirectoryTestSuite.executeSingleClass(TestNGDirectoryTestSuite.java:112)
	at org.apache.maven.surefire.testng.TestNGDirectoryTestSuite.execute(TestNGDirectoryTestSuite.java:99)
	at org.apache.maven.surefire.testng.TestNGProvider.invoke(TestNGProvider.java:147)
	at org.apache.maven.surefire.booter.ForkedBooter.invokeProviderInSameClassLoader(ForkedBooter.java:290)
	at org.apache.maven.surefire.booter.ForkedBooter.runSuitesInProcess(ForkedBooter.java:242)
	at org.apache.maven.surefire.booter.ForkedBooter.main(ForkedBooter.java:121)
</pre></div></td>
<td>81</td>
<td>core.tests.Package@27efef64</td></tr>
<tr>
<td title='core.tests.Package.tc_Packge_MumbaiMaladLuxuryPackage()'><b>tc_Packge_MumbaiMaladLuxuryPackage</b><br>Test class: core.tests.Package</td>
<td><div><pre>java.lang.Exception: Failure in Creating Control =&gt; Platform: ANDROID, Page: HomePage, Control Name: payNowBtn, Locator Type: XPATH, Locator Value: //*[contains(@text, &apos;PAY NOW&apos;)]. Exception: Index: 0, Size: 0
	at control.Control.throwControlCreationException(Control.java:73)
	at control.Control.createControl(Control.java:101)
	at page.Page.getControl(Page.java:59)
	at core.pages.HomePage.mumbaiMaladLuxuryPckg(HomePage.java:554)
	at core.tests.Package.tc_Packge_MumbaiMaladLuxuryPackage(Package.java:106)
... Removed 29 stack frames</pre></div><a href='#' onClick='toggleBox("stack-trace2106165633", this, "Click to show all stack frames", "Click to hide stack frames")'>Click to show all stack frames</a>
<div class='stack-trace' id='stack-trace2106165633'><pre>java.lang.Exception: Failure in Creating Control =&gt; Platform: ANDROID, Page: HomePage, Control Name: payNowBtn, Locator Type: XPATH, Locator Value: //*[contains(@text, &apos;PAY NOW&apos;)]. Exception: Index: 0, Size: 0
	at control.Control.throwControlCreationException(Control.java:73)
	at control.Control.createControl(Control.java:101)
	at page.Page.getControl(Page.java:59)
	at core.pages.HomePage.mumbaiMaladLuxuryPckg(HomePage.java:554)
	at core.tests.Package.tc_Packge_MumbaiMaladLuxuryPackage(Package.java:106)
	at sun.reflect.NativeMethodAccessorImpl.invoke0(Native Method)
	at sun.reflect.NativeMethodAccessorImpl.invoke(NativeMethodAccessorImpl.java:62)
	at sun.reflect.DelegatingMethodAccessorImpl.invoke(DelegatingMethodAccessorImpl.java:43)
	at java.lang.reflect.Method.invoke(Method.java:498)
	at org.testng.internal.MethodInvocationHelper.invokeMethod(MethodInvocationHelper.java:124)
	at org.testng.internal.Invoker.invokeMethod(Invoker.java:571)
	at org.testng.internal.Invoker.invokeTestMethod(Invoker.java:707)
	at org.testng.internal.Invoker.invokeTestMethods(Invoker.java:979)
	at org.testng.internal.TestMethodWorker.invokeTestMethods(TestMethodWorker.java:125)
	at org.testng.internal.TestMethodWorker.run(TestMethodWorker.java:109)
	at org.testng.TestRunner.privateRun(TestRunner.java:648)
	at org.testng.TestRunner.run(TestRunner.java:505)
	at org.testng.SuiteRunner.runTest(SuiteRunner.java:455)
	at org.testng.SuiteRunner.runSequentially(SuiteRunner.java:450)
	at org.testng.SuiteRunner.privateRun(SuiteRunner.java:415)
	at org.testng.SuiteRunner.run(SuiteRunner.java:364)
	at org.testng.SuiteRunnerWorker.runSuite(SuiteRunnerWorker.java:52)
	at org.testng.SuiteRunnerWorker.run(SuiteRunnerWorker.java:84)
	at org.testng.TestNG.runSuitesSequentially(TestNG.java:1187)
	at org.testng.TestNG.runSuitesLocally(TestNG.java:1116)
	at org.testng.TestNG.runSuites(TestNG.java:1028)
	at org.testng.TestNG.run(TestNG.java:996)
	at org.apache.maven.surefire.testng.TestNGExecutor.run(TestNGExecutor.java:132)
	at org.apache.maven.surefire.testng.TestNGDirectoryTestSuite.executeSingleClass(TestNGDirectoryTestSuite.java:112)
	at org.apache.maven.surefire.testng.TestNGDirectoryTestSuite.execute(TestNGDirectoryTestSuite.java:99)
	at org.apache.maven.surefire.testng.TestNGProvider.invoke(TestNGProvider.java:147)
	at org.apache.maven.surefire.booter.ForkedBooter.invokeProviderInSameClassLoader(ForkedBooter.java:290)
	at org.apache.maven.surefire.booter.ForkedBooter.runSuitesInProcess(ForkedBooter.java:242)
	at org.apache.maven.surefire.booter.ForkedBooter.main(ForkedBooter.java:121)
</pre></div></td>
<td>97</td>
<td>core.tests.Package@27efef64</td></tr>
<tr>
<td title='core.tests.Package.tc_Packge_MumbaiMaladSignaturePackage()'><b>tc_Packge_MumbaiMaladSignaturePackage</b><br>Test class: core.tests.Package</td>
<td><div><pre>java.lang.Exception: Failure in Creating Control =&gt; Platform: ANDROID, Page: HomePage, Control Name: payNowBtn, Locator Type: XPATH, Locator Value: //*[contains(@text, &apos;PAY NOW&apos;)]. Exception: Index: 0, Size: 0
	at control.Control.throwControlCreationException(Control.java:73)
	at control.Control.createControl(Control.java:101)
	at page.Page.getControl(Page.java:59)
	at core.pages.HomePage.mumbaiMaladSignaturePckg(HomePage.java:535)
	at core.tests.Package.tc_Packge_MumbaiMaladSignaturePackage(Package.java:98)
... Removed 29 stack frames</pre></div><a href='#' onClick='toggleBox("stack-trace1052212904", this, "Click to show all stack frames", "Click to hide stack frames")'>Click to show all stack frames</a>
<div class='stack-trace' id='stack-trace1052212904'><pre>java.lang.Exception: Failure in Creating Control =&gt; Platform: ANDROID, Page: HomePage, Control Name: payNowBtn, Locator Type: XPATH, Locator Value: //*[contains(@text, &apos;PAY NOW&apos;)]. Exception: Index: 0, Size: 0
	at control.Control.throwControlCreationException(Control.java:73)
	at control.Control.createControl(Control.java:101)
	at page.Page.getControl(Page.java:59)
	at core.pages.HomePage.mumbaiMaladSignaturePckg(HomePage.java:535)
	at core.tests.Package.tc_Packge_MumbaiMaladSignaturePackage(Package.java:98)
	at sun.reflect.NativeMethodAccessorImpl.invoke0(Native Method)
	at sun.reflect.NativeMethodAccessorImpl.invoke(NativeMethodAccessorImpl.java:62)
	at sun.reflect.DelegatingMethodAccessorImpl.invoke(DelegatingMethodAccessorImpl.java:43)
	at java.lang.reflect.Method.invoke(Method.java:498)
	at org.testng.internal.MethodInvocationHelper.invokeMethod(MethodInvocationHelper.java:124)
	at org.testng.internal.Invoker.invokeMethod(Invoker.java:571)
	at org.testng.internal.Invoker.invokeTestMethod(Invoker.java:707)
	at org.testng.internal.Invoker.invokeTestMethods(Invoker.java:979)
	at org.testng.internal.TestMethodWorker.invokeTestMethods(TestMethodWorker.java:125)
	at org.testng.internal.TestMethodWorker.run(TestMethodWorker.java:109)
	at org.testng.TestRunner.privateRun(TestRunner.java:648)
	at org.testng.TestRunner.run(TestRunner.java:505)
	at org.testng.SuiteRunner.runTest(SuiteRunner.java:455)
	at org.testng.SuiteRunner.runSequentially(SuiteRunner.java:450)
	at org.testng.SuiteRunner.privateRun(SuiteRunner.java:415)
	at org.testng.SuiteRunner.run(SuiteRunner.java:364)
	at org.testng.SuiteRunnerWorker.runSuite(SuiteRunnerWorker.java:52)
	at org.testng.SuiteRunnerWorker.run(SuiteRunnerWorker.java:84)
	at org.testng.TestNG.runSuitesSequentially(TestNG.java:1187)
	at org.testng.TestNG.runSuitesLocally(TestNG.java:1116)
	at org.testng.TestNG.runSuites(TestNG.java:1028)
	at org.testng.TestNG.run(TestNG.java:996)
	at org.apache.maven.surefire.testng.TestNGExecutor.run(TestNGExecutor.java:132)
	at org.apache.maven.surefire.testng.TestNGDirectoryTestSuite.executeSingleClass(TestNGDirectoryTestSuite.java:112)
	at org.apache.maven.surefire.testng.TestNGDirectoryTestSuite.execute(TestNGDirectoryTestSuite.java:99)
	at org.apache.maven.surefire.testng.TestNGProvider.invoke(TestNGProvider.java:147)
	at org.apache.maven.surefire.booter.ForkedBooter.invokeProviderInSameClassLoader(ForkedBooter.java:290)
	at org.apache.maven.surefire.booter.ForkedBooter.runSuitesInProcess(ForkedBooter.java:242)
	at org.apache.maven.surefire.booter.ForkedBooter.main(ForkedBooter.java:121)
</pre></div></td>
<td>98</td>
<td>core.tests.Package@27efef64</td></tr>
<tr>
<td title='core.tests.Package.tc_Packge_MumbaiVashiDeluxePackage()'><b>tc_Packge_MumbaiVashiDeluxePackage</b><br>Test class: core.tests.Package</td>
<td><div><pre>java.lang.Exception: Failure in Creating Control =&gt; Platform: ANDROID, Page: HomePage, Control Name: payNowBtn, Locator Type: XPATH, Locator Value: //*[contains(@text, &apos;PAY NOW&apos;)]. Exception: Index: 0, Size: 0
	at control.Control.throwControlCreationException(Control.java:73)
	at control.Control.createControl(Control.java:101)
	at page.Page.getControl(Page.java:59)
	at core.pages.HomePage.mumbaiVashiDeluxePckg(HomePage.java:592)
	at core.tests.Package.tc_Packge_MumbaiVashiDeluxePackage(Package.java:122)
... Removed 29 stack frames</pre></div><a href='#' onClick='toggleBox("stack-trace1461474945", this, "Click to show all stack frames", "Click to hide stack frames")'>Click to show all stack frames</a>
<div class='stack-trace' id='stack-trace1461474945'><pre>java.lang.Exception: Failure in Creating Control =&gt; Platform: ANDROID, Page: HomePage, Control Name: payNowBtn, Locator Type: XPATH, Locator Value: //*[contains(@text, &apos;PAY NOW&apos;)]. Exception: Index: 0, Size: 0
	at control.Control.throwControlCreationException(Control.java:73)
	at control.Control.createControl(Control.java:101)
	at page.Page.getControl(Page.java:59)
	at core.pages.HomePage.mumbaiVashiDeluxePckg(HomePage.java:592)
	at core.tests.Package.tc_Packge_MumbaiVashiDeluxePackage(Package.java:122)
	at sun.reflect.NativeMethodAccessorImpl.invoke0(Native Method)
	at sun.reflect.NativeMethodAccessorImpl.invoke(NativeMethodAccessorImpl.java:62)
	at sun.reflect.DelegatingMethodAccessorImpl.invoke(DelegatingMethodAccessorImpl.java:43)
	at java.lang.reflect.Method.invoke(Method.java:498)
	at org.testng.internal.MethodInvocationHelper.invokeMethod(MethodInvocationHelper.java:124)
	at org.testng.internal.Invoker.invokeMethod(Invoker.java:571)
	at org.testng.internal.Invoker.invokeTestMethod(Invoker.java:707)
	at org.testng.internal.Invoker.invokeTestMethods(Invoker.java:979)
	at org.testng.internal.TestMethodWorker.invokeTestMethods(TestMethodWorker.java:125)
	at org.testng.internal.TestMethodWorker.run(TestMethodWorker.java:109)
	at org.testng.TestRunner.privateRun(TestRunner.java:648)
	at org.testng.TestRunner.run(TestRunner.java:505)
	at org.testng.SuiteRunner.runTest(SuiteRunner.java:455)
	at org.testng.SuiteRunner.runSequentially(SuiteRunner.java:450)
	at org.testng.SuiteRunner.privateRun(SuiteRunner.java:415)
	at org.testng.SuiteRunner.run(SuiteRunner.java:364)
	at org.testng.SuiteRunnerWorker.runSuite(SuiteRunnerWorker.java:52)
	at org.testng.SuiteRunnerWorker.run(SuiteRunnerWorker.java:84)
	at org.testng.TestNG.runSuitesSequentially(TestNG.java:1187)
	at org.testng.TestNG.runSuitesLocally(TestNG.java:1116)
	at org.testng.TestNG.runSuites(TestNG.java:1028)
	at org.testng.TestNG.run(TestNG.java:996)
	at org.apache.maven.surefire.testng.TestNGExecutor.run(TestNGExecutor.java:132)
	at org.apache.maven.surefire.testng.TestNGDirectoryTestSuite.executeSingleClass(TestNGDirectoryTestSuite.java:112)
	at org.apache.maven.surefire.testng.TestNGDirectoryTestSuite.execute(TestNGDirectoryTestSuite.java:99)
	at org.apache.maven.surefire.testng.TestNGProvider.invoke(TestNGProvider.java:147)
	at org.apache.maven.surefire.booter.ForkedBooter.invokeProviderInSameClassLoader(ForkedBooter.java:290)
	at org.apache.maven.surefire.booter.ForkedBooter.runSuitesInProcess(ForkedBooter.java:242)
	at org.apache.maven.surefire.booter.ForkedBooter.main(ForkedBooter.java:121)
</pre></div></td>
<td>98</td>
<td>core.tests.Package@27efef64</td></tr>
<tr>
<td title='core.tests.Package.tc_Packge_MumbaiVashiSuitePackage()'><b>tc_Packge_MumbaiVashiSuitePackage</b><br>Test class: core.tests.Package</td>
<td><div><pre>java.lang.Exception: Failure in Creating Control =&gt; Platform: ANDROID, Page: HomePage, Control Name: payNowBtn, Locator Type: XPATH, Locator Value: //*[contains(@text, &apos;PAY NOW&apos;)]. Exception: Index: 0, Size: 0
	at control.Control.throwControlCreationException(Control.java:73)
	at control.Control.createControl(Control.java:101)
	at page.Page.getControl(Page.java:59)
	at core.pages.HomePage.mumbaiVashiSuitePckg(HomePage.java:573)
	at core.tests.Package.tc_Packge_MumbaiVashiSuitePackage(Package.java:114)
... Removed 29 stack frames</pre></div><a href='#' onClick='toggleBox("stack-trace2082557120", this, "Click to show all stack frames", "Click to hide stack frames")'>Click to show all stack frames</a>
<div class='stack-trace' id='stack-trace2082557120'><pre>java.lang.Exception: Failure in Creating Control =&gt; Platform: ANDROID, Page: HomePage, Control Name: payNowBtn, Locator Type: XPATH, Locator Value: //*[contains(@text, &apos;PAY NOW&apos;)]. Exception: Index: 0, Size: 0
	at control.Control.throwControlCreationException(Control.java:73)
	at control.Control.createControl(Control.java:101)
	at page.Page.getControl(Page.java:59)
	at core.pages.HomePage.mumbaiVashiSuitePckg(HomePage.java:573)
	at core.tests.Package.tc_Packge_MumbaiVashiSuitePackage(Package.java:114)
	at sun.reflect.NativeMethodAccessorImpl.invoke0(Native Method)
	at sun.reflect.NativeMethodAccessorImpl.invoke(NativeMethodAccessorImpl.java:62)
	at sun.reflect.DelegatingMethodAccessorImpl.invoke(DelegatingMethodAccessorImpl.java:43)
	at java.lang.reflect.Method.invoke(Method.java:498)
	at org.testng.internal.MethodInvocationHelper.invokeMethod(MethodInvocationHelper.java:124)
	at org.testng.internal.Invoker.invokeMethod(Invoker.java:571)
	at org.testng.internal.Invoker.invokeTestMethod(Invoker.java:707)
	at org.testng.internal.Invoker.invokeTestMethods(Invoker.java:979)
	at org.testng.internal.TestMethodWorker.invokeTestMethods(TestMethodWorker.java:125)
	at org.testng.internal.TestMethodWorker.run(TestMethodWorker.java:109)
	at org.testng.TestRunner.privateRun(TestRunner.java:648)
	at org.testng.TestRunner.run(TestRunner.java:505)
	at org.testng.SuiteRunner.runTest(SuiteRunner.java:455)
	at org.testng.SuiteRunner.runSequentially(SuiteRunner.java:450)
	at org.testng.SuiteRunner.privateRun(SuiteRunner.java:415)
	at org.testng.SuiteRunner.run(SuiteRunner.java:364)
	at org.testng.SuiteRunnerWorker.runSuite(SuiteRunnerWorker.java:52)
	at org.testng.SuiteRunnerWorker.run(SuiteRunnerWorker.java:84)
	at org.testng.TestNG.runSuitesSequentially(TestNG.java:1187)
	at org.testng.TestNG.runSuitesLocally(TestNG.java:1116)
	at org.testng.TestNG.runSuites(TestNG.java:1028)
	at org.testng.TestNG.run(TestNG.java:996)
	at org.apache.maven.surefire.testng.TestNGExecutor.run(TestNGExecutor.java:132)
	at org.apache.maven.surefire.testng.TestNGDirectoryTestSuite.executeSingleClass(TestNGDirectoryTestSuite.java:112)
	at org.apache.maven.surefire.testng.TestNGDirectoryTestSuite.execute(TestNGDirectoryTestSuite.java:99)
	at org.apache.maven.surefire.testng.TestNGProvider.invoke(TestNGProvider.java:147)
	at org.apache.maven.surefire.booter.ForkedBooter.invokeProviderInSameClassLoader(ForkedBooter.java:290)
	at org.apache.maven.surefire.booter.ForkedBooter.runSuitesInProcess(ForkedBooter.java:242)
	at org.apache.maven.surefire.booter.ForkedBooter.main(ForkedBooter.java:121)
</pre></div></td>
<td>97</td>
<td>core.tests.Package@27efef64</td></tr>
<tr>
<td title='core.tests.Package.tc_Packge_PuneKalyaniNagarLuxuryPackage()'><b>tc_Packge_PuneKalyaniNagarLuxuryPackage</b><br>Test class: core.tests.Package</td>
<td><div><pre>java.lang.Exception: Failure in Creating Control =&gt; Platform: ANDROID, Page: HomePage, Control Name: payNowBtn, Locator Type: XPATH, Locator Value: //*[contains(@text, &apos;PAY NOW&apos;)]. Exception: Index: 0, Size: 0
	at control.Control.throwControlCreationException(Control.java:73)
	at control.Control.createControl(Control.java:101)
	at page.Page.getControl(Page.java:59)
	at core.pages.HomePage.puneKalyaniNagarLuxuryPckg(HomePage.java:668)
	at core.tests.Package.tc_Packge_PuneKalyaniNagarLuxuryPackage(Package.java:154)
... Removed 29 stack frames</pre></div><a href='#' onClick='toggleBox("stack-trace549496397", this, "Click to show all stack frames", "Click to hide stack frames")'>Click to show all stack frames</a>
<div class='stack-trace' id='stack-trace549496397'><pre>java.lang.Exception: Failure in Creating Control =&gt; Platform: ANDROID, Page: HomePage, Control Name: payNowBtn, Locator Type: XPATH, Locator Value: //*[contains(@text, &apos;PAY NOW&apos;)]. Exception: Index: 0, Size: 0
	at control.Control.throwControlCreationException(Control.java:73)
	at control.Control.createControl(Control.java:101)
	at page.Page.getControl(Page.java:59)
	at core.pages.HomePage.puneKalyaniNagarLuxuryPckg(HomePage.java:668)
	at core.tests.Package.tc_Packge_PuneKalyaniNagarLuxuryPackage(Package.java:154)
	at sun.reflect.NativeMethodAccessorImpl.invoke0(Native Method)
	at sun.reflect.NativeMethodAccessorImpl.invoke(NativeMethodAccessorImpl.java:62)
	at sun.reflect.DelegatingMethodAccessorImpl.invoke(DelegatingMethodAccessorImpl.java:43)
	at java.lang.reflect.Method.invoke(Method.java:498)
	at org.testng.internal.MethodInvocationHelper.invokeMethod(MethodInvocationHelper.java:124)
	at org.testng.internal.Invoker.invokeMethod(Invoker.java:571)
	at org.testng.internal.Invoker.invokeTestMethod(Invoker.java:707)
	at org.testng.internal.Invoker.invokeTestMethods(Invoker.java:979)
	at org.testng.internal.TestMethodWorker.invokeTestMethods(TestMethodWorker.java:125)
	at org.testng.internal.TestMethodWorker.run(TestMethodWorker.java:109)
	at org.testng.TestRunner.privateRun(TestRunner.java:648)
	at org.testng.TestRunner.run(TestRunner.java:505)
	at org.testng.SuiteRunner.runTest(SuiteRunner.java:455)
	at org.testng.SuiteRunner.runSequentially(SuiteRunner.java:450)
	at org.testng.SuiteRunner.privateRun(SuiteRunner.java:415)
	at org.testng.SuiteRunner.run(SuiteRunner.java:364)
	at org.testng.SuiteRunnerWorker.runSuite(SuiteRunnerWorker.java:52)
	at org.testng.SuiteRunnerWorker.run(SuiteRunnerWorker.java:84)
	at org.testng.TestNG.runSuitesSequentially(TestNG.java:1187)
	at org.testng.TestNG.runSuitesLocally(TestNG.java:1116)
	at org.testng.TestNG.runSuites(TestNG.java:1028)
	at org.testng.TestNG.run(TestNG.java:996)
	at org.apache.maven.surefire.testng.TestNGExecutor.run(TestNGExecutor.java:132)
	at org.apache.maven.surefire.testng.TestNGDirectoryTestSuite.executeSingleClass(TestNGDirectoryTestSuite.java:112)
	at org.apache.maven.surefire.testng.TestNGDirectoryTestSuite.execute(TestNGDirectoryTestSuite.java:99)
	at org.apache.maven.surefire.testng.TestNGProvider.invoke(TestNGProvider.java:147)
	at org.apache.maven.surefire.booter.ForkedBooter.invokeProviderInSameClassLoader(ForkedBooter.java:290)
	at org.apache.maven.surefire.booter.ForkedBooter.runSuitesInProcess(ForkedBooter.java:242)
	at org.apache.maven.surefire.booter.ForkedBooter.main(ForkedBooter.java:121)
</pre></div></td>
<td>97</td>
<td>core.tests.Package@27efef64</td></tr>
<tr>
<td title='core.tests.Package.tc_Packge_PuneKalyaniNagarSignaturePackage()'><b>tc_Packge_PuneKalyaniNagarSignaturePackage</b><br>Test class: core.tests.Package</td>
<td><div><pre>java.lang.Exception: Failure in Creating Control =&gt; Platform: ANDROID, Page: HomePage, Control Name: payNowBtn, Locator Type: XPATH, Locator Value: //*[contains(@text, &apos;PAY NOW&apos;)]. Exception: Index: 0, Size: 0
	at control.Control.throwControlCreationException(Control.java:73)
	at control.Control.createControl(Control.java:101)
	at page.Page.getControl(Page.java:59)
	at core.pages.HomePage.puneKalyaniNagarSignaturePckg(HomePage.java:649)
	at core.tests.Package.tc_Packge_PuneKalyaniNagarSignaturePackage(Package.java:146)
... Removed 29 stack frames</pre></div><a href='#' onClick='toggleBox("stack-trace1870209957", this, "Click to show all stack frames", "Click to hide stack frames")'>Click to show all stack frames</a>
<div class='stack-trace' id='stack-trace1870209957'><pre>java.lang.Exception: Failure in Creating Control =&gt; Platform: ANDROID, Page: HomePage, Control Name: payNowBtn, Locator Type: XPATH, Locator Value: //*[contains(@text, &apos;PAY NOW&apos;)]. Exception: Index: 0, Size: 0
	at control.Control.throwControlCreationException(Control.java:73)
	at control.Control.createControl(Control.java:101)
	at page.Page.getControl(Page.java:59)
	at core.pages.HomePage.puneKalyaniNagarSignaturePckg(HomePage.java:649)
	at core.tests.Package.tc_Packge_PuneKalyaniNagarSignaturePackage(Package.java:146)
	at sun.reflect.NativeMethodAccessorImpl.invoke0(Native Method)
	at sun.reflect.NativeMethodAccessorImpl.invoke(NativeMethodAccessorImpl.java:62)
	at sun.reflect.DelegatingMethodAccessorImpl.invoke(DelegatingMethodAccessorImpl.java:43)
	at java.lang.reflect.Method.invoke(Method.java:498)
	at org.testng.internal.MethodInvocationHelper.invokeMethod(MethodInvocationHelper.java:124)
	at org.testng.internal.Invoker.invokeMethod(Invoker.java:571)
	at org.testng.internal.Invoker.invokeTestMethod(Invoker.java:707)
	at org.testng.internal.Invoker.invokeTestMethods(Invoker.java:979)
	at org.testng.internal.TestMethodWorker.invokeTestMethods(TestMethodWorker.java:125)
	at org.testng.internal.TestMethodWorker.run(TestMethodWorker.java:109)
	at org.testng.TestRunner.privateRun(TestRunner.java:648)
	at org.testng.TestRunner.run(TestRunner.java:505)
	at org.testng.SuiteRunner.runTest(SuiteRunner.java:455)
	at org.testng.SuiteRunner.runSequentially(SuiteRunner.java:450)
	at org.testng.SuiteRunner.privateRun(SuiteRunner.java:415)
	at org.testng.SuiteRunner.run(SuiteRunner.java:364)
	at org.testng.SuiteRunnerWorker.runSuite(SuiteRunnerWorker.java:52)
	at org.testng.SuiteRunnerWorker.run(SuiteRunnerWorker.java:84)
	at org.testng.TestNG.runSuitesSequentially(TestNG.java:1187)
	at org.testng.TestNG.runSuitesLocally(TestNG.java:1116)
	at org.testng.TestNG.runSuites(TestNG.java:1028)
	at org.testng.TestNG.run(TestNG.java:996)
	at org.apache.maven.surefire.testng.TestNGExecutor.run(TestNGExecutor.java:132)
	at org.apache.maven.surefire.testng.TestNGDirectoryTestSuite.executeSingleClass(TestNGDirectoryTestSuite.java:112)
	at org.apache.maven.surefire.testng.TestNGDirectoryTestSuite.execute(TestNGDirectoryTestSuite.java:99)
	at org.apache.maven.surefire.testng.TestNGProvider.invoke(TestNGProvider.java:147)
	at org.apache.maven.surefire.booter.ForkedBooter.invokeProviderInSameClassLoader(ForkedBooter.java:290)
	at org.apache.maven.surefire.booter.ForkedBooter.runSuitesInProcess(ForkedBooter.java:242)
	at org.apache.maven.surefire.booter.ForkedBooter.main(ForkedBooter.java:121)
</pre></div></td>
<td>99</td>
<td>core.tests.Package@27efef64</td></tr>
<tr>
<td title='core.tests.Package.tc_Packge_PuneShivajiNagarLuxuryPackage()'><b>tc_Packge_PuneShivajiNagarLuxuryPackage</b><br>Test class: core.tests.Package</td>
<td><div><pre>java.lang.Exception: Failure in Creating Control =&gt; Platform: ANDROID, Page: HomePage, Control Name: payNowBtn, Locator Type: XPATH, Locator Value: //*[contains(@text, &apos;PAY NOW&apos;)]. Exception: Index: 0, Size: 0
	at control.Control.throwControlCreationException(Control.java:73)
	at control.Control.createControl(Control.java:101)
	at page.Page.getControl(Page.java:59)
	at core.pages.HomePage.puneShivajiNagarLuxuryPckg(HomePage.java:630)
	at core.tests.Package.tc_Packge_PuneShivajiNagarLuxuryPackage(Package.java:138)
... Removed 29 stack frames</pre></div><a href='#' onClick='toggleBox("stack-trace1154821602", this, "Click to show all stack frames", "Click to hide stack frames")'>Click to show all stack frames</a>
<div class='stack-trace' id='stack-trace1154821602'><pre>java.lang.Exception: Failure in Creating Control =&gt; Platform: ANDROID, Page: HomePage, Control Name: payNowBtn, Locator Type: XPATH, Locator Value: //*[contains(@text, &apos;PAY NOW&apos;)]. Exception: Index: 0, Size: 0
	at control.Control.throwControlCreationException(Control.java:73)
	at control.Control.createControl(Control.java:101)
	at page.Page.getControl(Page.java:59)
	at core.pages.HomePage.puneShivajiNagarLuxuryPckg(HomePage.java:630)
	at core.tests.Package.tc_Packge_PuneShivajiNagarLuxuryPackage(Package.java:138)
	at sun.reflect.NativeMethodAccessorImpl.invoke0(Native Method)
	at sun.reflect.NativeMethodAccessorImpl.invoke(NativeMethodAccessorImpl.java:62)
	at sun.reflect.DelegatingMethodAccessorImpl.invoke(DelegatingMethodAccessorImpl.java:43)
	at java.lang.reflect.Method.invoke(Method.java:498)
	at org.testng.internal.MethodInvocationHelper.invokeMethod(MethodInvocationHelper.java:124)
	at org.testng.internal.Invoker.invokeMethod(Invoker.java:571)
	at org.testng.internal.Invoker.invokeTestMethod(Invoker.java:707)
	at org.testng.internal.Invoker.invokeTestMethods(Invoker.java:979)
	at org.testng.internal.TestMethodWorker.invokeTestMethods(TestMethodWorker.java:125)
	at org.testng.internal.TestMethodWorker.run(TestMethodWorker.java:109)
	at org.testng.TestRunner.privateRun(TestRunner.java:648)
	at org.testng.TestRunner.run(TestRunner.java:505)
	at org.testng.SuiteRunner.runTest(SuiteRunner.java:455)
	at org.testng.SuiteRunner.runSequentially(SuiteRunner.java:450)
	at org.testng.SuiteRunner.privateRun(SuiteRunner.java:415)
	at org.testng.SuiteRunner.run(SuiteRunner.java:364)
	at org.testng.SuiteRunnerWorker.runSuite(SuiteRunnerWorker.java:52)
	at org.testng.SuiteRunnerWorker.run(SuiteRunnerWorker.java:84)
	at org.testng.TestNG.runSuitesSequentially(TestNG.java:1187)
	at org.testng.TestNG.runSuitesLocally(TestNG.java:1116)
	at org.testng.TestNG.runSuites(TestNG.java:1028)
	at org.testng.TestNG.run(TestNG.java:996)
	at org.apache.maven.surefire.testng.TestNGExecutor.run(TestNGExecutor.java:132)
	at org.apache.maven.surefire.testng.TestNGDirectoryTestSuite.executeSingleClass(TestNGDirectoryTestSuite.java:112)
	at org.apache.maven.surefire.testng.TestNGDirectoryTestSuite.execute(TestNGDirectoryTestSuite.java:99)
	at org.apache.maven.surefire.testng.TestNGProvider.invoke(TestNGProvider.java:147)
	at org.apache.maven.surefire.booter.ForkedBooter.invokeProviderInSameClassLoader(ForkedBooter.java:290)
	at org.apache.maven.surefire.booter.ForkedBooter.runSuitesInProcess(ForkedBooter.java:242)
	at org.apache.maven.surefire.booter.ForkedBooter.main(ForkedBooter.java:121)
</pre></div></td>
<td>99</td>
<td>core.tests.Package@27efef64</td></tr>
<tr>
<td title='core.tests.Package.tc_Packge_PuneShivajiNagarSignaturePackage()'><b>tc_Packge_PuneShivajiNagarSignaturePackage</b><br>Test class: core.tests.Package</td>
<td><div><pre>java.lang.Exception: Failure in Creating Control =&gt; Platform: ANDROID, Page: HomePage, Control Name: payNowBtn, Locator Type: XPATH, Locator Value: //*[contains(@text, &apos;PAY NOW&apos;)]. Exception: Index: 0, Size: 0
	at control.Control.throwControlCreationException(Control.java:73)
	at control.Control.createControl(Control.java:101)
	at page.Page.getControl(Page.java:59)
	at core.pages.HomePage.puneShivajiNagarSignaturePckg(HomePage.java:611)
	at core.tests.Package.tc_Packge_PuneShivajiNagarSignaturePackage(Package.java:130)
... Removed 29 stack frames</pre></div><a href='#' onClick='toggleBox("stack-trace1062714541", this, "Click to show all stack frames", "Click to hide stack frames")'>Click to show all stack frames</a>
<div class='stack-trace' id='stack-trace1062714541'><pre>java.lang.Exception: Failure in Creating Control =&gt; Platform: ANDROID, Page: HomePage, Control Name: payNowBtn, Locator Type: XPATH, Locator Value: //*[contains(@text, &apos;PAY NOW&apos;)]. Exception: Index: 0, Size: 0
	at control.Control.throwControlCreationException(Control.java:73)
	at control.Control.createControl(Control.java:101)
	at page.Page.getControl(Page.java:59)
	at core.pages.HomePage.puneShivajiNagarSignaturePckg(HomePage.java:611)
	at core.tests.Package.tc_Packge_PuneShivajiNagarSignaturePackage(Package.java:130)
	at sun.reflect.NativeMethodAccessorImpl.invoke0(Native Method)
	at sun.reflect.NativeMethodAccessorImpl.invoke(NativeMethodAccessorImpl.java:62)
	at sun.reflect.DelegatingMethodAccessorImpl.invoke(DelegatingMethodAccessorImpl.java:43)
	at java.lang.reflect.Method.invoke(Method.java:498)
	at org.testng.internal.MethodInvocationHelper.invokeMethod(MethodInvocationHelper.java:124)
	at org.testng.internal.Invoker.invokeMethod(Invoker.java:571)
	at org.testng.internal.Invoker.invokeTestMethod(Invoker.java:707)
	at org.testng.internal.Invoker.invokeTestMethods(Invoker.java:979)
	at org.testng.internal.TestMethodWorker.invokeTestMethods(TestMethodWorker.java:125)
	at org.testng.internal.TestMethodWorker.run(TestMethodWorker.java:109)
	at org.testng.TestRunner.privateRun(TestRunner.java:648)
	at org.testng.TestRunner.run(TestRunner.java:505)
	at org.testng.SuiteRunner.runTest(SuiteRunner.java:455)
	at org.testng.SuiteRunner.runSequentially(SuiteRunner.java:450)
	at org.testng.SuiteRunner.privateRun(SuiteRunner.java:415)
	at org.testng.SuiteRunner.run(SuiteRunner.java:364)
	at org.testng.SuiteRunnerWorker.runSuite(SuiteRunnerWorker.java:52)
	at org.testng.SuiteRunnerWorker.run(SuiteRunnerWorker.java:84)
	at org.testng.TestNG.runSuitesSequentially(TestNG.java:1187)
	at org.testng.TestNG.runSuitesLocally(TestNG.java:1116)
	at org.testng.TestNG.runSuites(TestNG.java:1028)
	at org.testng.TestNG.run(TestNG.java:996)
	at org.apache.maven.surefire.testng.TestNGExecutor.run(TestNGExecutor.java:132)
	at org.apache.maven.surefire.testng.TestNGDirectoryTestSuite.executeSingleClass(TestNGDirectoryTestSuite.java:112)
	at org.apache.maven.surefire.testng.TestNGDirectoryTestSuite.execute(TestNGDirectoryTestSuite.java:99)
	at org.apache.maven.surefire.testng.TestNGProvider.invoke(TestNGProvider.java:147)
	at org.apache.maven.surefire.booter.ForkedBooter.invokeProviderInSameClassLoader(ForkedBooter.java:290)
	at org.apache.maven.surefire.booter.ForkedBooter.runSuitesInProcess(ForkedBooter.java:242)
	at org.apache.maven.surefire.booter.ForkedBooter.main(ForkedBooter.java:121)
</pre></div></td>
<td>99</td>
<td>core.tests.Package@27efef64</td></tr>
</table><p>
</body>
</html>