<!DOCTYPE html>

<html>
  <head>
  <meta charset='utf-8'>
  <title>TestNG reports</title>

    <link type="text/css" href="testng-reports.css" rel="stylesheet" />
    <script type="text/javascript" src="jquery-1.7.1.min.js"></script>
    <script type="text/javascript" src="testng-reports.js"></script>
    <script type="text/javascript" src="https://www.google.com/jsapi"></script>
    <script type='text/javascript'>
      google.load('visualization', '1', {packages:['table']});
      google.setOnLoadCallback(drawTable);
      var suiteTableInitFunctions = new Array();
      var suiteTableData = new Array();
    </script>
    <!--
      <script type="text/javascript" src="jquery-ui/js/jquery-ui-1.8.16.custom.min.js"></script>
     -->
  </head>

  <body>
    <div class="top-banner-root">
      <span class="top-banner-title-font">Test results</span>
      <br/>
      <span class="top-banner-font-1">1 suite, 20 failed tests</span>
    </div> <!-- top-banner-root -->
    <div class="navigator-root">
      <div class="navigator-suite-header">
        <span>All suites</span>
        <a href="#" class="collapse-all-link" title="Collapse/expand all the suites">
          <img class="collapse-all-icon" src="collapseall.gif">
          </img> <!-- collapse-all-icon -->
        </a> <!-- collapse-all-link -->
      </div> <!-- navigator-suite-header -->
      <div class="suite">
        <div class="rounded-window">
          <div class="suite-header light-rounded-window-top">
            <a href="#" class="navigator-link" panel-name="suite-Surefire_suite">
              <span class="suite-name border-failed">Surefire suite</span>
            </a> <!-- navigator-link -->
          </div> <!-- suite-header light-rounded-window-top -->
          <div class="navigator-suite-content">
            <div class="suite-section-title">
              <span>Info</span>
            </div> <!-- suite-section-title -->
            <div class="suite-section-content">
              <ul>
                <li>
                  <a href="#" class="navigator-link " panel-name="test-xml-Surefire_suite">
                    <span>[unset file name]</span>
                  </a> <!-- navigator-link  -->
                </li>
                <li>
                  <a href="#" class="navigator-link " panel-name="testlist-Surefire_suite">
                    <span class="test-stats">1 test</span>
                  </a> <!-- navigator-link  -->
                </li>
                <li>
                  <a href="#" class="navigator-link " panel-name="group-Surefire_suite">
                    <span>0 groups</span>
                  </a> <!-- navigator-link  -->
                </li>
                <li>
                  <a href="#" class="navigator-link " panel-name="times-Surefire_suite">
                    <span>Times</span>
                  </a> <!-- navigator-link  -->
                </li>
                <li>
                  <a href="#" class="navigator-link " panel-name="reporter-Surefire_suite">
                    <span>Reporter output</span>
                  </a> <!-- navigator-link  -->
                </li>
                <li>
                  <a href="#" class="navigator-link " panel-name="ignored-methods-Surefire_suite">
                    <span>Ignored methods</span>
                  </a> <!-- navigator-link  -->
                </li>
                <li>
                  <a href="#" class="navigator-link " panel-name="chronological-Surefire_suite">
                    <span>Chronological view</span>
                  </a> <!-- navigator-link  -->
                </li>
              </ul>
            </div> <!-- suite-section-content -->
            <div class="result-section">
              <div class="suite-section-title">
                <span>Results</span>
              </div> <!-- suite-section-title -->
              <div class="suite-section-content">
                <ul>
                  <li>
                    <span class="method-stats">20 methods, 20 failed,   </span>
                  </li>
                  <li>
                    <span class="method-list-title failed">Failed methods</span>
                    <span class="show-or-hide-methods failed">
                      <a href="#" panel-name="suite-Surefire_suite" class="hide-methods failed suite-Surefire_suite"> (hide)</a> <!-- hide-methods failed suite-Surefire_suite -->
                      <a href="#" panel-name="suite-Surefire_suite" class="show-methods failed suite-Surefire_suite"> (show)</a> <!-- show-methods failed suite-Surefire_suite -->
                    </span>
                    <div class="method-list-content failed suite-Surefire_suite">
                      <span>
                        <img width="3%" src="failed.png"/>
                        <a href="#" class="method navigator-link" panel-name="suite-Surefire_suite" title="core.tests.Package" hash-for-method="tc_Packge_BloreBellandurSignaturePackage">tc_Packge_BloreBellandurSignaturePackage</a> <!-- method navigator-link -->
                      </span>
                      <br/>
                      <span>
                        <img width="3%" src="failed.png"/>
                        <a href="#" class="method navigator-link" panel-name="suite-Surefire_suite" title="core.tests.Package" hash-for-method="tc_Packge_BloreJayanagarLuxuryPackage">tc_Packge_BloreJayanagarLuxuryPackage</a> <!-- method navigator-link -->
                      </span>
                      <br/>
                      <span>
                        <img width="3%" src="failed.png"/>
                        <a href="#" class="method navigator-link" panel-name="suite-Surefire_suite" title="core.tests.Package" hash-for-method="tc_Packge_BloreJayanagarSignaturePackage">tc_Packge_BloreJayanagarSignaturePackage</a> <!-- method navigator-link -->
                      </span>
                      <br/>
                      <span>
                        <img width="3%" src="failed.png"/>
                        <a href="#" class="method navigator-link" panel-name="suite-Surefire_suite" title="core.tests.Package" hash-for-method="tc_Packge_BloreMalleshwaramLuxuryPackage">tc_Packge_BloreMalleshwaramLuxuryPackage</a> <!-- method navigator-link -->
                      </span>
                      <br/>
                      <span>
                        <img width="3%" src="failed.png"/>
                        <a href="#" class="method navigator-link" panel-name="suite-Surefire_suite" title="core.tests.Package" hash-for-method="tc_Packge_BloreMalleshwaramSignaturePackage">tc_Packge_BloreMalleshwaramSignaturePackage</a> <!-- method navigator-link -->
                      </span>
                      <br/>
                      <span>
                        <img width="3%" src="failed.png"/>
                        <a href="#" class="method navigator-link" panel-name="suite-Surefire_suite" title="core.tests.Package" hash-for-method="tc_Packge_BloreOARLuxuryPackage">tc_Packge_BloreOARLuxuryPackage</a> <!-- method navigator-link -->
                      </span>
                      <br/>
                      <span>
                        <img width="3%" src="failed.png"/>
                        <a href="#" class="method navigator-link" panel-name="suite-Surefire_suite" title="core.tests.Package" hash-for-method="tc_Packge_BloreOARSignaturePackage">tc_Packge_BloreOARSignaturePackage</a> <!-- method navigator-link -->
                      </span>
                      <br/>
                      <span>
                        <img width="3%" src="failed.png"/>
                        <a href="#" class="method navigator-link" panel-name="suite-Surefire_suite" title="core.tests.Package" hash-for-method="tc_Packge_BloreWhitefieldLuxuryPackage">tc_Packge_BloreWhitefieldLuxuryPackage</a> <!-- method navigator-link -->
                      </span>
                      <br/>
                      <span>
                        <img width="3%" src="failed.png"/>
                        <a href="#" class="method navigator-link" panel-name="suite-Surefire_suite" title="core.tests.Package" hash-for-method="tc_Packge_BloreWhitefieldSignaturePackage">tc_Packge_BloreWhitefieldSignaturePackage</a> <!-- method navigator-link -->
                      </span>
                      <br/>
                      <span>
                        <img width="3%" src="failed.png"/>
                        <a href="#" class="method navigator-link" panel-name="suite-Surefire_suite" title="core.tests.Package" hash-for-method="tc_Packge_GurgaonSector47SignaturePackage">tc_Packge_GurgaonSector47SignaturePackage</a> <!-- method navigator-link -->
                      </span>
                      <br/>
                      <span>
                        <img width="3%" src="failed.png"/>
                        <a href="#" class="method navigator-link" panel-name="suite-Surefire_suite" title="core.tests.Package" hash-for-method="tc_Packge_HRBRLuxuryPackage">tc_Packge_HRBRLuxuryPackage</a> <!-- method navigator-link -->
                      </span>
                      <br/>
                      <span>
                        <img width="3%" src="failed.png"/>
                        <a href="#" class="method navigator-link" panel-name="suite-Surefire_suite" title="core.tests.Package" hash-for-method="tc_Packge_HRBRSignaturePackage">tc_Packge_HRBRSignaturePackage</a> <!-- method navigator-link -->
                      </span>
                      <br/>
                      <span>
                        <img width="3%" src="failed.png"/>
                        <a href="#" class="method navigator-link" panel-name="suite-Surefire_suite" title="core.tests.Package" hash-for-method="tc_Packge_MumbaiMaladLuxuryPackage">tc_Packge_MumbaiMaladLuxuryPackage</a> <!-- method navigator-link -->
                      </span>
                      <br/>
                      <span>
                        <img width="3%" src="failed.png"/>
                        <a href="#" class="method navigator-link" panel-name="suite-Surefire_suite" title="core.tests.Package" hash-for-method="tc_Packge_MumbaiMaladSignaturePackage">tc_Packge_MumbaiMaladSignaturePackage</a> <!-- method navigator-link -->
                      </span>
                      <br/>
                      <span>
                        <img width="3%" src="failed.png"/>
                        <a href="#" class="method navigator-link" panel-name="suite-Surefire_suite" title="core.tests.Package" hash-for-method="tc_Packge_MumbaiVashiDeluxePackage">tc_Packge_MumbaiVashiDeluxePackage</a> <!-- method navigator-link -->
                      </span>
                      <br/>
                      <span>
                        <img width="3%" src="failed.png"/>
                        <a href="#" class="method navigator-link" panel-name="suite-Surefire_suite" title="core.tests.Package" hash-for-method="tc_Packge_MumbaiVashiSuitePackage">tc_Packge_MumbaiVashiSuitePackage</a> <!-- method navigator-link -->
                      </span>
                      <br/>
                      <span>
                        <img width="3%" src="failed.png"/>
                        <a href="#" class="method navigator-link" panel-name="suite-Surefire_suite" title="core.tests.Package" hash-for-method="tc_Packge_PuneKalyaniNagarLuxuryPackage">tc_Packge_PuneKalyaniNagarLuxuryPackage</a> <!-- method navigator-link -->
                      </span>
                      <br/>
                      <span>
                        <img width="3%" src="failed.png"/>
                        <a href="#" class="method navigator-link" panel-name="suite-Surefire_suite" title="core.tests.Package" hash-for-method="tc_Packge_PuneKalyaniNagarSignaturePackage">tc_Packge_PuneKalyaniNagarSignaturePackage</a> <!-- method navigator-link -->
                      </span>
                      <br/>
                      <span>
                        <img width="3%" src="failed.png"/>
                        <a href="#" class="method navigator-link" panel-name="suite-Surefire_suite" title="core.tests.Package" hash-for-method="tc_Packge_PuneShivajiNagarLuxuryPackage">tc_Packge_PuneShivajiNagarLuxuryPackage</a> <!-- method navigator-link -->
                      </span>
                      <br/>
                      <span>
                        <img width="3%" src="failed.png"/>
                        <a href="#" class="method navigator-link" panel-name="suite-Surefire_suite" title="core.tests.Package" hash-for-method="tc_Packge_PuneShivajiNagarSignaturePackage">tc_Packge_PuneShivajiNagarSignaturePackage</a> <!-- method navigator-link -->
                      </span>
                      <br/>
                    </div> <!-- method-list-content failed suite-Surefire_suite -->
                  </li>
                </ul>
              </div> <!-- suite-section-content -->
            </div> <!-- result-section -->
          </div> <!-- navigator-suite-content -->
        </div> <!-- rounded-window -->
      </div> <!-- suite -->
    </div> <!-- navigator-root -->
    <div class="wrapper">
      <div class="main-panel-root">
        <div panel-name="suite-Surefire_suite" class="panel Surefire_suite">
          <div class="suite-Surefire_suite-class-failed">
            <div class="main-panel-header rounded-window-top">
              <img src="failed.png"/>
              <span class="class-name">core.tests.Package</span>
            </div> <!-- main-panel-header rounded-window-top -->
            <div class="main-panel-content rounded-window-bottom">
              <div class="method">
                <div class="method-content">
                  <a name="tc_Packge_BloreBellandurSignaturePackage">
                  </a> <!-- tc_Packge_BloreBellandurSignaturePackage -->
                  <span class="method-name">tc_Packge_BloreBellandurSignaturePackage</span>
                  <div class="stack-trace">java.lang.Exception: Failure in Creating Control =&gt; Platform: ANDROID, Page: HomePage, Control Name: payNowBtn, Locator Type: XPATH, Locator Value: //*[contains(@text, &apos;PAY NOW&apos;)]. Exception: Index: 0, Size: 0
	at control.Control.throwControlCreationException(Control.java:73)
	at control.Control.createControl(Control.java:101)
	at page.Page.getControl(Page.java:59)
	at core.pages.HomePage.bloreBellandurSignaturePckg(HomePage.java:516)
	at core.tests.Package.tc_Packge_BloreBellandurSignaturePackage(Package.java:90)
... Removed 29 stack frames
</div> <!-- stack-trace -->
                </div> <!-- method-content -->
              </div> <!-- method -->
              <div class="method">
                <div class="method-content">
                  <a name="tc_Packge_BloreJayanagarLuxuryPackage">
                  </a> <!-- tc_Packge_BloreJayanagarLuxuryPackage -->
                  <span class="method-name">tc_Packge_BloreJayanagarLuxuryPackage</span>
                  <div class="stack-trace">java.lang.Exception: Failure in Creating Control =&gt; Platform: ANDROID, Page: HomePage, Control Name: payNowBtn, Locator Type: XPATH, Locator Value: //*[contains(@text, &apos;PAY NOW&apos;)]. Exception: Index: 0, Size: 0
	at control.Control.throwControlCreationException(Control.java:73)
	at control.Control.createControl(Control.java:101)
	at page.Page.getControl(Page.java:59)
	at core.pages.HomePage.bloreJayanagarLuxuryPckg(HomePage.java:421)
	at core.tests.Package.tc_Packge_BloreJayanagarLuxuryPackage(Package.java:50)
... Removed 29 stack frames
</div> <!-- stack-trace -->
                </div> <!-- method-content -->
              </div> <!-- method -->
              <div class="method">
                <div class="method-content">
                  <a name="tc_Packge_BloreJayanagarSignaturePackage">
                  </a> <!-- tc_Packge_BloreJayanagarSignaturePackage -->
                  <span class="method-name">tc_Packge_BloreJayanagarSignaturePackage</span>
                  <div class="stack-trace">java.lang.Exception: Failure in Creating Control =&gt; Platform: ANDROID, Page: HomePage, Control Name: payNowBtn, Locator Type: XPATH, Locator Value: //*[contains(@text, &apos;PAY NOW&apos;)]. Exception: Index: 0, Size: 0
	at control.Control.throwControlCreationException(Control.java:73)
	at control.Control.createControl(Control.java:101)
	at page.Page.getControl(Page.java:59)
	at core.pages.HomePage.bloreJayanagarSignaturePckg(HomePage.java:402)
	at core.tests.Package.tc_Packge_BloreJayanagarSignaturePackage(Package.java:42)
... Removed 29 stack frames
</div> <!-- stack-trace -->
                </div> <!-- method-content -->
              </div> <!-- method -->
              <div class="method">
                <div class="method-content">
                  <a name="tc_Packge_BloreMalleshwaramLuxuryPackage">
                  </a> <!-- tc_Packge_BloreMalleshwaramLuxuryPackage -->
                  <span class="method-name">tc_Packge_BloreMalleshwaramLuxuryPackage</span>
                  <div class="stack-trace">java.lang.Exception: Failure in Creating Control =&gt; Platform: ANDROID, Page: HomePage, Control Name: payNowBtn, Locator Type: XPATH, Locator Value: //*[contains(@text, &apos;PAY NOW&apos;)]. Exception: Index: 0, Size: 0
	at control.Control.throwControlCreationException(Control.java:73)
	at control.Control.createControl(Control.java:101)
	at page.Page.getControl(Page.java:59)
	at core.pages.HomePage.bloreMalleshwaramLuxuryPckg(HomePage.java:383)
	at core.tests.Package.tc_Packge_BloreMalleshwaramLuxuryPackage(Package.java:34)
... Removed 29 stack frames
</div> <!-- stack-trace -->
                </div> <!-- method-content -->
              </div> <!-- method -->
              <div class="method">
                <div class="method-content">
                  <a name="tc_Packge_BloreMalleshwaramSignaturePackage">
                  </a> <!-- tc_Packge_BloreMalleshwaramSignaturePackage -->
                  <span class="method-name">tc_Packge_BloreMalleshwaramSignaturePackage</span>
                  <div class="stack-trace">java.lang.Exception: Failure in Creating Control =&gt; Platform: ANDROID, Page: HomePage, Control Name: payNowBtn, Locator Type: XPATH, Locator Value: //*[contains(@text, &apos;PAY NOW&apos;)]. Exception: Index: 0, Size: 0
	at control.Control.throwControlCreationException(Control.java:73)
	at control.Control.createControl(Control.java:101)
	at page.Page.getControl(Page.java:59)
	at core.pages.HomePage.bloreMalleshwaramSignaturePckg(HomePage.java:364)
	at core.tests.Package.tc_Packge_BloreMalleshwaramSignaturePackage(Package.java:26)
... Removed 29 stack frames
</div> <!-- stack-trace -->
                </div> <!-- method-content -->
              </div> <!-- method -->
              <div class="method">
                <div class="method-content">
                  <a name="tc_Packge_BloreOARLuxuryPackage">
                  </a> <!-- tc_Packge_BloreOARLuxuryPackage -->
                  <span class="method-name">tc_Packge_BloreOARLuxuryPackage</span>
                  <div class="stack-trace">java.lang.Exception: Failure in Creating Control =&gt; Platform: ANDROID, Page: HomePage, Control Name: payNowBtn, Locator Type: XPATH, Locator Value: //*[contains(@text, &apos;PAY NOW&apos;)]. Exception: Index: 0, Size: 0
	at control.Control.throwControlCreationException(Control.java:73)
	at control.Control.createControl(Control.java:101)
	at page.Page.getControl(Page.java:59)
	at core.pages.HomePage.bloreOARLuxuryPckg(HomePage.java:497)
	at core.tests.Package.tc_Packge_BloreOARLuxuryPackage(Package.java:82)
... Removed 29 stack frames
</div> <!-- stack-trace -->
                </div> <!-- method-content -->
              </div> <!-- method -->
              <div class="method">
                <div class="method-content">
                  <a name="tc_Packge_BloreOARSignaturePackage">
                  </a> <!-- tc_Packge_BloreOARSignaturePackage -->
                  <span class="method-name">tc_Packge_BloreOARSignaturePackage</span>
                  <div class="stack-trace">java.lang.Exception: Failure in Creating Control =&gt; Platform: ANDROID, Page: HomePage, Control Name: payNowBtn, Locator Type: XPATH, Locator Value: //*[contains(@text, &apos;PAY NOW&apos;)]. Exception: Index: 0, Size: 0
	at control.Control.throwControlCreationException(Control.java:73)
	at control.Control.createControl(Control.java:101)
	at page.Page.getControl(Page.java:59)
	at core.pages.HomePage.bloreOARSignaturePckg(HomePage.java:478)
	at core.tests.Package.tc_Packge_BloreOARSignaturePackage(Package.java:74)
... Removed 29 stack frames
</div> <!-- stack-trace -->
                </div> <!-- method-content -->
              </div> <!-- method -->
              <div class="method">
                <div class="method-content">
                  <a name="tc_Packge_BloreWhitefieldLuxuryPackage">
                  </a> <!-- tc_Packge_BloreWhitefieldLuxuryPackage -->
                  <span class="method-name">tc_Packge_BloreWhitefieldLuxuryPackage</span>
                  <div class="stack-trace">java.lang.Exception: Failure in Creating Control =&gt; Platform: ANDROID, Page: HomePage, Control Name: payNowBtn, Locator Type: XPATH, Locator Value: //*[contains(@text, &apos;PAY NOW&apos;)]. Exception: Index: 0, Size: 0
	at control.Control.throwControlCreationException(Control.java:73)
	at control.Control.createControl(Control.java:101)
	at page.Page.getControl(Page.java:59)
	at core.pages.HomePage.bloreWhitefieldLuxuryPckg(HomePage.java:459)
	at core.tests.Package.tc_Packge_BloreWhitefieldLuxuryPackage(Package.java:66)
... Removed 29 stack frames
</div> <!-- stack-trace -->
                </div> <!-- method-content -->
              </div> <!-- method -->
              <div class="method">
                <div class="method-content">
                  <a name="tc_Packge_BloreWhitefieldSignaturePackage">
                  </a> <!-- tc_Packge_BloreWhitefieldSignaturePackage -->
                  <span class="method-name">tc_Packge_BloreWhitefieldSignaturePackage</span>
                  <div class="stack-trace">java.lang.Exception: Failure in Creating Control =&gt; Platform: ANDROID, Page: HomePage, Control Name: payNowBtn, Locator Type: XPATH, Locator Value: //*[contains(@text, &apos;PAY NOW&apos;)]. Exception: Index: 0, Size: 0
	at control.Control.throwControlCreationException(Control.java:73)
	at control.Control.createControl(Control.java:101)
	at page.Page.getControl(Page.java:59)
	at core.pages.HomePage.bloreWhitefieldSignaturePckg(HomePage.java:440)
	at core.tests.Package.tc_Packge_BloreWhitefieldSignaturePackage(Package.java:58)
... Removed 29 stack frames
</div> <!-- stack-trace -->
                </div> <!-- method-content -->
              </div> <!-- method -->
              <div class="method">
                <div class="method-content">
                  <a name="tc_Packge_GurgaonSector47SignaturePackage">
                  </a> <!-- tc_Packge_GurgaonSector47SignaturePackage -->
                  <span class="method-name">tc_Packge_GurgaonSector47SignaturePackage</span>
                  <div class="stack-trace">java.lang.Exception: Failure in Creating Control =&gt; Platform: ANDROID, Page: HomePage, Control Name: payNowBtn, Locator Type: XPATH, Locator Value: //*[contains(@text, &apos;PAY NOW&apos;)]. Exception: Index: 0, Size: 0
	at control.Control.throwControlCreationException(Control.java:73)
	at control.Control.createControl(Control.java:101)
	at page.Page.getControl(Page.java:59)
	at core.pages.HomePage.gurgaonSector47SignaturePckg(HomePage.java:687)
	at core.tests.Package.tc_Packge_GurgaonSector47SignaturePackage(Package.java:162)
... Removed 29 stack frames
</div> <!-- stack-trace -->
                </div> <!-- method-content -->
              </div> <!-- method -->
              <div class="method">
                <div class="method-content">
                  <a name="tc_Packge_HRBRLuxuryPackage">
                  </a> <!-- tc_Packge_HRBRLuxuryPackage -->
                  <span class="method-name">tc_Packge_HRBRLuxuryPackage</span>
                  <div class="stack-trace">java.lang.Exception: Failure in Creating Control =&gt; Platform: ANDROID, Page: HomePage, Control Name: payNowBtn, Locator Type: XPATH, Locator Value: //*[contains(@text, &apos;PAY NOW&apos;)]. Exception: Index: 0, Size: 0
	at control.Control.throwControlCreationException(Control.java:73)
	at control.Control.createControl(Control.java:101)
	at page.Page.getControl(Page.java:59)
	at core.pages.HomePage.hrbrLuxuryPckg(HomePage.java:345)
	at core.tests.Package.tc_Packge_HRBRLuxuryPackage(Package.java:18)
... Removed 29 stack frames
</div> <!-- stack-trace -->
                </div> <!-- method-content -->
              </div> <!-- method -->
              <div class="method">
                <div class="method-content">
                  <a name="tc_Packge_HRBRSignaturePackage">
                  </a> <!-- tc_Packge_HRBRSignaturePackage -->
                  <span class="method-name">tc_Packge_HRBRSignaturePackage</span>
                  <div class="stack-trace">java.lang.Exception: Failure in Creating Control =&gt; Platform: ANDROID, Page: HomePage, Control Name: payNowBtn, Locator Type: XPATH, Locator Value: //*[contains(@text, &apos;PAY NOW&apos;)]. Exception: Index: 0, Size: 0
	at control.Control.throwControlCreationException(Control.java:73)
	at control.Control.createControl(Control.java:101)
	at page.Page.getControl(Page.java:59)
	at core.pages.HomePage.hrbrSignaturePckg(HomePage.java:332)
	at core.tests.Package.tc_Packge_HRBRSignaturePackage(Package.java:10)
... Removed 29 stack frames
</div> <!-- stack-trace -->
                </div> <!-- method-content -->
              </div> <!-- method -->
              <div class="method">
                <div class="method-content">
                  <a name="tc_Packge_MumbaiMaladLuxuryPackage">
                  </a> <!-- tc_Packge_MumbaiMaladLuxuryPackage -->
                  <span class="method-name">tc_Packge_MumbaiMaladLuxuryPackage</span>
                  <div class="stack-trace">java.lang.Exception: Failure in Creating Control =&gt; Platform: ANDROID, Page: HomePage, Control Name: payNowBtn, Locator Type: XPATH, Locator Value: //*[contains(@text, &apos;PAY NOW&apos;)]. Exception: Index: 0, Size: 0
	at control.Control.throwControlCreationException(Control.java:73)
	at control.Control.createControl(Control.java:101)
	at page.Page.getControl(Page.java:59)
	at core.pages.HomePage.mumbaiMaladLuxuryPckg(HomePage.java:554)
	at core.tests.Package.tc_Packge_MumbaiMaladLuxuryPackage(Package.java:106)
... Removed 29 stack frames
</div> <!-- stack-trace -->
                </div> <!-- method-content -->
              </div> <!-- method -->
              <div class="method">
                <div class="method-content">
                  <a name="tc_Packge_MumbaiMaladSignaturePackage">
                  </a> <!-- tc_Packge_MumbaiMaladSignaturePackage -->
                  <span class="method-name">tc_Packge_MumbaiMaladSignaturePackage</span>
                  <div class="stack-trace">java.lang.Exception: Failure in Creating Control =&gt; Platform: ANDROID, Page: HomePage, Control Name: payNowBtn, Locator Type: XPATH, Locator Value: //*[contains(@text, &apos;PAY NOW&apos;)]. Exception: Index: 0, Size: 0
	at control.Control.throwControlCreationException(Control.java:73)
	at control.Control.createControl(Control.java:101)
	at page.Page.getControl(Page.java:59)
	at core.pages.HomePage.mumbaiMaladSignaturePckg(HomePage.java:535)
	at core.tests.Package.tc_Packge_MumbaiMaladSignaturePackage(Package.java:98)
... Removed 29 stack frames
</div> <!-- stack-trace -->
                </div> <!-- method-content -->
              </div> <!-- method -->
              <div class="method">
                <div class="method-content">
                  <a name="tc_Packge_MumbaiVashiDeluxePackage">
                  </a> <!-- tc_Packge_MumbaiVashiDeluxePackage -->
                  <span class="method-name">tc_Packge_MumbaiVashiDeluxePackage</span>
                  <div class="stack-trace">java.lang.Exception: Failure in Creating Control =&gt; Platform: ANDROID, Page: HomePage, Control Name: payNowBtn, Locator Type: XPATH, Locator Value: //*[contains(@text, &apos;PAY NOW&apos;)]. Exception: Index: 0, Size: 0
	at control.Control.throwControlCreationException(Control.java:73)
	at control.Control.createControl(Control.java:101)
	at page.Page.getControl(Page.java:59)
	at core.pages.HomePage.mumbaiVashiDeluxePckg(HomePage.java:592)
	at core.tests.Package.tc_Packge_MumbaiVashiDeluxePackage(Package.java:122)
... Removed 29 stack frames
</div> <!-- stack-trace -->
                </div> <!-- method-content -->
              </div> <!-- method -->
              <div class="method">
                <div class="method-content">
                  <a name="tc_Packge_MumbaiVashiSuitePackage">
                  </a> <!-- tc_Packge_MumbaiVashiSuitePackage -->
                  <span class="method-name">tc_Packge_MumbaiVashiSuitePackage</span>
                  <div class="stack-trace">java.lang.Exception: Failure in Creating Control =&gt; Platform: ANDROID, Page: HomePage, Control Name: payNowBtn, Locator Type: XPATH, Locator Value: //*[contains(@text, &apos;PAY NOW&apos;)]. Exception: Index: 0, Size: 0
	at control.Control.throwControlCreationException(Control.java:73)
	at control.Control.createControl(Control.java:101)
	at page.Page.getControl(Page.java:59)
	at core.pages.HomePage.mumbaiVashiSuitePckg(HomePage.java:573)
	at core.tests.Package.tc_Packge_MumbaiVashiSuitePackage(Package.java:114)
... Removed 29 stack frames
</div> <!-- stack-trace -->
                </div> <!-- method-content -->
              </div> <!-- method -->
              <div class="method">
                <div class="method-content">
                  <a name="tc_Packge_PuneKalyaniNagarLuxuryPackage">
                  </a> <!-- tc_Packge_PuneKalyaniNagarLuxuryPackage -->
                  <span class="method-name">tc_Packge_PuneKalyaniNagarLuxuryPackage</span>
                  <div class="stack-trace">java.lang.Exception: Failure in Creating Control =&gt; Platform: ANDROID, Page: HomePage, Control Name: payNowBtn, Locator Type: XPATH, Locator Value: //*[contains(@text, &apos;PAY NOW&apos;)]. Exception: Index: 0, Size: 0
	at control.Control.throwControlCreationException(Control.java:73)
	at control.Control.createControl(Control.java:101)
	at page.Page.getControl(Page.java:59)
	at core.pages.HomePage.puneKalyaniNagarLuxuryPckg(HomePage.java:668)
	at core.tests.Package.tc_Packge_PuneKalyaniNagarLuxuryPackage(Package.java:154)
... Removed 29 stack frames
</div> <!-- stack-trace -->
                </div> <!-- method-content -->
              </div> <!-- method -->
              <div class="method">
                <div class="method-content">
                  <a name="tc_Packge_PuneKalyaniNagarSignaturePackage">
                  </a> <!-- tc_Packge_PuneKalyaniNagarSignaturePackage -->
                  <span class="method-name">tc_Packge_PuneKalyaniNagarSignaturePackage</span>
                  <div class="stack-trace">java.lang.Exception: Failure in Creating Control =&gt; Platform: ANDROID, Page: HomePage, Control Name: payNowBtn, Locator Type: XPATH, Locator Value: //*[contains(@text, &apos;PAY NOW&apos;)]. Exception: Index: 0, Size: 0
	at control.Control.throwControlCreationException(Control.java:73)
	at control.Control.createControl(Control.java:101)
	at page.Page.getControl(Page.java:59)
	at core.pages.HomePage.puneKalyaniNagarSignaturePckg(HomePage.java:649)
	at core.tests.Package.tc_Packge_PuneKalyaniNagarSignaturePackage(Package.java:146)
... Removed 29 stack frames
</div> <!-- stack-trace -->
                </div> <!-- method-content -->
              </div> <!-- method -->
              <div class="method">
                <div class="method-content">
                  <a name="tc_Packge_PuneShivajiNagarLuxuryPackage">
                  </a> <!-- tc_Packge_PuneShivajiNagarLuxuryPackage -->
                  <span class="method-name">tc_Packge_PuneShivajiNagarLuxuryPackage</span>
                  <div class="stack-trace">java.lang.Exception: Failure in Creating Control =&gt; Platform: ANDROID, Page: HomePage, Control Name: payNowBtn, Locator Type: XPATH, Locator Value: //*[contains(@text, &apos;PAY NOW&apos;)]. Exception: Index: 0, Size: 0
	at control.Control.throwControlCreationException(Control.java:73)
	at control.Control.createControl(Control.java:101)
	at page.Page.getControl(Page.java:59)
	at core.pages.HomePage.puneShivajiNagarLuxuryPckg(HomePage.java:630)
	at core.tests.Package.tc_Packge_PuneShivajiNagarLuxuryPackage(Package.java:138)
... Removed 29 stack frames
</div> <!-- stack-trace -->
                </div> <!-- method-content -->
              </div> <!-- method -->
              <div class="method">
                <div class="method-content">
                  <a name="tc_Packge_PuneShivajiNagarSignaturePackage">
                  </a> <!-- tc_Packge_PuneShivajiNagarSignaturePackage -->
                  <span class="method-name">tc_Packge_PuneShivajiNagarSignaturePackage</span>
                  <div class="stack-trace">java.lang.Exception: Failure in Creating Control =&gt; Platform: ANDROID, Page: HomePage, Control Name: payNowBtn, Locator Type: XPATH, Locator Value: //*[contains(@text, &apos;PAY NOW&apos;)]. Exception: Index: 0, Size: 0
	at control.Control.throwControlCreationException(Control.java:73)
	at control.Control.createControl(Control.java:101)
	at page.Page.getControl(Page.java:59)
	at core.pages.HomePage.puneShivajiNagarSignaturePckg(HomePage.java:611)
	at core.tests.Package.tc_Packge_PuneShivajiNagarSignaturePackage(Package.java:130)
... Removed 29 stack frames
</div> <!-- stack-trace -->
                </div> <!-- method-content -->
              </div> <!-- method -->
            </div> <!-- main-panel-content rounded-window-bottom -->
          </div> <!-- suite-Surefire_suite-class-failed -->
        </div> <!-- panel Surefire_suite -->
        <div panel-name="test-xml-Surefire_suite" class="panel">
          <div class="main-panel-header rounded-window-top">
          </div> <!-- main-panel-header rounded-window-top -->
          <div class="main-panel-content rounded-window-bottom">
            <pre>
&lt;?xml version=&quot;1.0&quot; encoding=&quot;UTF-8&quot;?&gt;
&lt;!DOCTYPE suite SYSTEM &quot;http://testng.org/testng-1.0.dtd&quot;&gt;
&lt;suite thread-count=&quot;1&quot; verbose=&quot;0&quot; name=&quot;Surefire suite&quot;&gt;
  &lt;test thread-count=&quot;1&quot; verbose=&quot;0&quot; name=&quot;Surefire test&quot;&gt;
    &lt;classes&gt;
      &lt;class name=&quot;core.tests.Package&quot;/&gt;
    &lt;/classes&gt;
  &lt;/test&gt; &lt;!-- Surefire test --&gt;
&lt;/suite&gt; &lt;!-- Surefire suite --&gt;
            </pre>
          </div> <!-- main-panel-content rounded-window-bottom -->
        </div> <!-- panel -->
        <div panel-name="testlist-Surefire_suite" class="panel">
          <div class="main-panel-header rounded-window-top">
            <span class="header-content">Tests for Surefire suite</span>
          </div> <!-- main-panel-header rounded-window-top -->
          <div class="main-panel-content rounded-window-bottom">
            <ul>
              <li>
                <span class="test-name">Surefire test (1 class)</span>
              </li>
            </ul>
          </div> <!-- main-panel-content rounded-window-bottom -->
        </div> <!-- panel -->
        <div panel-name="group-Surefire_suite" class="panel">
          <div class="main-panel-header rounded-window-top">
            <span class="header-content">Groups for Surefire suite</span>
          </div> <!-- main-panel-header rounded-window-top -->
          <div class="main-panel-content rounded-window-bottom">
          </div> <!-- main-panel-content rounded-window-bottom -->
        </div> <!-- panel -->
        <div panel-name="times-Surefire_suite" class="panel">
          <div class="main-panel-header rounded-window-top">
            <span class="header-content">Times for Surefire suite</span>
          </div> <!-- main-panel-header rounded-window-top -->
          <div class="main-panel-content rounded-window-bottom">
            <div class="times-div">
              <script type="text/javascript">
suiteTableInitFunctions.push('tableData_Surefire_suite');
function tableData_Surefire_suite() {
var data = new google.visualization.DataTable();
data.addColumn('number', 'Number');
data.addColumn('string', 'Method');
data.addColumn('string', 'Class');
data.addColumn('number', 'Time (ms)');
data.addRows(20);
data.setCell(0, 0, 0)
data.setCell(0, 1, 'tc_Packge_BloreBellandurSignaturePackage')
data.setCell(0, 2, 'core.tests.Package')
data.setCell(0, 3, 100325);
data.setCell(1, 0, 1)
data.setCell(1, 1, 'tc_Packge_PuneKalyaniNagarSignaturePackage')
data.setCell(1, 2, 'core.tests.Package')
data.setCell(1, 3, 99396);
data.setCell(2, 0, 2)
data.setCell(2, 1, 'tc_Packge_PuneShivajiNagarLuxuryPackage')
data.setCell(2, 2, 'core.tests.Package')
data.setCell(2, 3, 99385);
data.setCell(3, 0, 3)
data.setCell(3, 1, 'tc_Packge_PuneShivajiNagarSignaturePackage')
data.setCell(3, 2, 'core.tests.Package')
data.setCell(3, 3, 99238);
data.setCell(4, 0, 4)
data.setCell(4, 1, 'tc_Packge_BloreJayanagarLuxuryPackage')
data.setCell(4, 2, 'core.tests.Package')
data.setCell(4, 3, 98960);
data.setCell(5, 0, 5)
data.setCell(5, 1, 'tc_Packge_MumbaiMaladSignaturePackage')
data.setCell(5, 2, 'core.tests.Package')
data.setCell(5, 3, 98955);
data.setCell(6, 0, 6)
data.setCell(6, 1, 'tc_Packge_MumbaiVashiDeluxePackage')
data.setCell(6, 2, 'core.tests.Package')
data.setCell(6, 3, 98448);
data.setCell(7, 0, 7)
data.setCell(7, 1, 'tc_Packge_BloreWhitefieldSignaturePackage')
data.setCell(7, 2, 'core.tests.Package')
data.setCell(7, 3, 98431);
data.setCell(8, 0, 8)
data.setCell(8, 1, 'tc_Packge_BloreJayanagarSignaturePackage')
data.setCell(8, 2, 'core.tests.Package')
data.setCell(8, 3, 97983);
data.setCell(9, 0, 9)
data.setCell(9, 1, 'tc_Packge_MumbaiMaladLuxuryPackage')
data.setCell(9, 2, 'core.tests.Package')
data.setCell(9, 3, 97931);
data.setCell(10, 0, 10)
data.setCell(10, 1, 'tc_Packge_BloreMalleshwaramLuxuryPackage')
data.setCell(10, 2, 'core.tests.Package')
data.setCell(10, 3, 97922);
data.setCell(11, 0, 11)
data.setCell(11, 1, 'tc_Packge_PuneKalyaniNagarLuxuryPackage')
data.setCell(11, 2, 'core.tests.Package')
data.setCell(11, 3, 97700);
data.setCell(12, 0, 12)
data.setCell(12, 1, 'tc_Packge_BloreOARLuxuryPackage')
data.setCell(12, 2, 'core.tests.Package')
data.setCell(12, 3, 97625);
data.setCell(13, 0, 13)
data.setCell(13, 1, 'tc_Packge_MumbaiVashiSuitePackage')
data.setCell(13, 2, 'core.tests.Package')
data.setCell(13, 3, 97616);
data.setCell(14, 0, 14)
data.setCell(14, 1, 'tc_Packge_BloreMalleshwaramSignaturePackage')
data.setCell(14, 2, 'core.tests.Package')
data.setCell(14, 3, 97563);
data.setCell(15, 0, 15)
data.setCell(15, 1, 'tc_Packge_GurgaonSector47SignaturePackage')
data.setCell(15, 2, 'core.tests.Package')
data.setCell(15, 3, 96723);
data.setCell(16, 0, 16)
data.setCell(16, 1, 'tc_Packge_BloreWhitefieldLuxuryPackage')
data.setCell(16, 2, 'core.tests.Package')
data.setCell(16, 3, 95820);
data.setCell(17, 0, 17)
data.setCell(17, 1, 'tc_Packge_BloreOARSignaturePackage')
data.setCell(17, 2, 'core.tests.Package')
data.setCell(17, 3, 95541);
data.setCell(18, 0, 18)
data.setCell(18, 1, 'tc_Packge_HRBRLuxuryPackage')
data.setCell(18, 2, 'core.tests.Package')
data.setCell(18, 3, 83278);
data.setCell(19, 0, 19)
data.setCell(19, 1, 'tc_Packge_HRBRSignaturePackage')
data.setCell(19, 2, 'core.tests.Package')
data.setCell(19, 3, 81934);
window.suiteTableData['Surefire_suite']= { tableData: data, tableDiv: 'times-div-Surefire_suite'}
return data;
}
              </script>
              <span class="suite-total-time">Total running time: 32 minutes</span>
              <div id="times-div-Surefire_suite">
              </div> <!-- times-div-Surefire_suite -->
            </div> <!-- times-div -->
          </div> <!-- main-panel-content rounded-window-bottom -->
        </div> <!-- panel -->
        <div panel-name="reporter-Surefire_suite" class="panel">
          <div class="main-panel-header rounded-window-top">
            <span class="header-content">Reporter output for Surefire suite</span>
          </div> <!-- main-panel-header rounded-window-top -->
          <div class="main-panel-content rounded-window-bottom">
          </div> <!-- main-panel-content rounded-window-bottom -->
        </div> <!-- panel -->
        <div panel-name="ignored-methods-Surefire_suite" class="panel">
          <div class="main-panel-header rounded-window-top">
            <span class="header-content">0 ignored methods</span>
          </div> <!-- main-panel-header rounded-window-top -->
          <div class="main-panel-content rounded-window-bottom">
          </div> <!-- main-panel-content rounded-window-bottom -->
        </div> <!-- panel -->
        <div panel-name="chronological-Surefire_suite" class="panel">
          <div class="main-panel-header rounded-window-top">
            <span class="header-content">Methods in chronological order</span>
          </div> <!-- main-panel-header rounded-window-top -->
          <div class="main-panel-content rounded-window-bottom">
            <div class="chronological-class">
              <div class="chronological-class-name">core.tests.Package</div> <!-- chronological-class-name -->
              <div class="configuration-suite before">
                <span class="method-name">runOncePerSuite</span>
                <span class="method-start">0 ms</span>
              </div> <!-- configuration-suite before -->
              <div class="configuration-test before">
                <span class="method-name">runOncePerContext(org.testng.TestRunner@60df60da)</span>
                <span class="method-start">207 ms</span>
              </div> <!-- configuration-test before -->
              <div class="configuration-class before">
                <span class="method-name">runOncePerClass(org.testng.TestRunner@60df60da)</span>
                <span class="method-start">238 ms</span>
              </div> <!-- configuration-class before -->
              <div class="configuration-method before">
                <span class="method-name">runOncePerMethod(org.testng.TestRunner@60df60da, public void core.tests.Package.tc_Packge_BloreBellandurSignaturePack...)</span>
                <span class="method-start">246 ms</span>
              </div> <!-- configuration-method before -->
              <div class="test-method">
                <img src="failed.png">
                </img>
                <span class="method-name">tc_Packge_BloreBellandurSignaturePackage</span>
                <span class="method-start">23844 ms</span>
              </div> <!-- test-method -->
              <div class="configuration-method after">
                <span class="method-name">tearDown([TestResult name=tc_Packge_BloreBellandurSignaturePackage status=FAILURE method=Package.tc_Packge_Bl...)</span>
                <span class="method-start">124182 ms</span>
              </div> <!-- configuration-method after -->
              <div class="configuration-method before">
                <span class="method-name">runOncePerMethod(org.testng.TestRunner@60df60da, public void core.tests.Package.tc_Packge_BloreJayanagarLuxuryPackage...)</span>
                <span class="method-start">125603 ms</span>
              </div> <!-- configuration-method before -->
              <div class="test-method">
                <img src="failed.png">
                </img>
                <span class="method-name">tc_Packge_BloreJayanagarLuxuryPackage</span>
                <span class="method-start">148850 ms</span>
              </div> <!-- test-method -->
              <div class="configuration-method after">
                <span class="method-name">tearDown([TestResult name=tc_Packge_BloreJayanagarLuxuryPackage status=FAILURE method=Package.tc_Packge_Blore...)</span>
                <span class="method-start">247811 ms</span>
              </div> <!-- configuration-method after -->
              <div class="configuration-method before">
                <span class="method-name">runOncePerMethod(org.testng.TestRunner@60df60da, public void core.tests.Package.tc_Packge_BloreJayanagarSignaturePack...)</span>
                <span class="method-start">249240 ms</span>
              </div> <!-- configuration-method before -->
              <div class="test-method">
                <img src="failed.png">
                </img>
                <span class="method-name">tc_Packge_BloreJayanagarSignaturePackage</span>
                <span class="method-start">271503 ms</span>
              </div> <!-- test-method -->
              <div class="configuration-method after">
                <span class="method-name">tearDown([TestResult name=tc_Packge_BloreJayanagarSignaturePackage status=FAILURE method=Package.tc_Packge_Bl...)</span>
                <span class="method-start">369486 ms</span>
              </div> <!-- configuration-method after -->
              <div class="configuration-method before">
                <span class="method-name">runOncePerMethod(org.testng.TestRunner@60df60da, public void core.tests.Package.tc_Packge_BloreMalleshwaramLuxuryPack...)</span>
                <span class="method-start">370851 ms</span>
              </div> <!-- configuration-method before -->
              <div class="test-method">
                <img src="failed.png">
                </img>
                <span class="method-name">tc_Packge_BloreMalleshwaramLuxuryPackage</span>
                <span class="method-start">393264 ms</span>
              </div> <!-- test-method -->
              <div class="configuration-method after">
                <span class="method-name">tearDown([TestResult name=tc_Packge_BloreMalleshwaramLuxuryPackage status=FAILURE method=Package.tc_Packge_Bl...)</span>
                <span class="method-start">491187 ms</span>
              </div> <!-- configuration-method after -->
              <div class="configuration-method before">
                <span class="method-name">runOncePerMethod(org.testng.TestRunner@60df60da, public void core.tests.Package.tc_Packge_BloreMalleshwaramSignatureP...)</span>
                <span class="method-start">492480 ms</span>
              </div> <!-- configuration-method before -->
              <div class="test-method">
                <img src="failed.png">
                </img>
                <span class="method-name">tc_Packge_BloreMalleshwaramSignaturePackage</span>
                <span class="method-start">514712 ms</span>
              </div> <!-- test-method -->
              <div class="configuration-method after">
                <span class="method-name">tearDown([TestResult name=tc_Packge_BloreMalleshwaramSignaturePackage status=FAILURE method=Package.tc_Packge...)</span>
                <span class="method-start">612276 ms</span>
              </div> <!-- configuration-method after -->
              <div class="configuration-method before">
                <span class="method-name">runOncePerMethod(org.testng.TestRunner@60df60da, public void core.tests.Package.tc_Packge_BloreOARLuxuryPackage() thr...)</span>
                <span class="method-start">613597 ms</span>
              </div> <!-- configuration-method before -->
              <div class="test-method">
                <img src="failed.png">
                </img>
                <span class="method-name">tc_Packge_BloreOARLuxuryPackage</span>
                <span class="method-start">635859 ms</span>
              </div> <!-- test-method -->
              <div class="configuration-method after">
                <span class="method-name">tearDown([TestResult name=tc_Packge_BloreOARLuxuryPackage status=FAILURE method=Package.tc_Packge_BloreOARLux...)</span>
                <span class="method-start">733485 ms</span>
              </div> <!-- configuration-method after -->
              <div class="configuration-method before">
                <span class="method-name">runOncePerMethod(org.testng.TestRunner@60df60da, public void core.tests.Package.tc_Packge_BloreOARSignaturePackage() ...)</span>
                <span class="method-start">734821 ms</span>
              </div> <!-- configuration-method before -->
              <div class="test-method">
                <img src="failed.png">
                </img>
                <span class="method-name">tc_Packge_BloreOARSignaturePackage</span>
                <span class="method-start">757038 ms</span>
              </div> <!-- test-method -->
              <div class="configuration-method after">
                <span class="method-name">tearDown([TestResult name=tc_Packge_BloreOARSignaturePackage status=FAILURE method=Package.tc_Packge_BloreOAR...)</span>
                <span class="method-start">852579 ms</span>
              </div> <!-- configuration-method after -->
              <div class="configuration-method before">
                <span class="method-name">runOncePerMethod(org.testng.TestRunner@60df60da, public void core.tests.Package.tc_Packge_BloreWhitefieldLuxuryPackag...)</span>
                <span class="method-start">853926 ms</span>
              </div> <!-- configuration-method before -->
              <div class="test-method">
                <img src="failed.png">
                </img>
                <span class="method-name">tc_Packge_BloreWhitefieldLuxuryPackage</span>
                <span class="method-start">876260 ms</span>
              </div> <!-- test-method -->
              <div class="configuration-method after">
                <span class="method-name">tearDown([TestResult name=tc_Packge_BloreWhitefieldLuxuryPackage status=FAILURE method=Package.tc_Packge_Blor...)</span>
                <span class="method-start">972081 ms</span>
              </div> <!-- configuration-method after -->
              <div class="configuration-method before">
                <span class="method-name">runOncePerMethod(org.testng.TestRunner@60df60da, public void core.tests.Package.tc_Packge_BloreWhitefieldSignaturePac...)</span>
                <span class="method-start">973411 ms</span>
              </div> <!-- configuration-method before -->
              <div class="test-method">
                <img src="failed.png">
                </img>
                <span class="method-name">tc_Packge_BloreWhitefieldSignaturePackage</span>
                <span class="method-start">995368 ms</span>
              </div> <!-- test-method -->
              <div class="configuration-method after">
                <span class="method-name">tearDown([TestResult name=tc_Packge_BloreWhitefieldSignaturePackage status=FAILURE method=Package.tc_Packge_B...)</span>
                <span class="method-start">1093800 ms</span>
              </div> <!-- configuration-method after -->
              <div class="configuration-method before">
                <span class="method-name">runOncePerMethod(org.testng.TestRunner@60df60da, public void core.tests.Package.tc_Packge_GurgaonSector47SignaturePac...)</span>
                <span class="method-start">1095129 ms</span>
              </div> <!-- configuration-method before -->
              <div class="test-method">
                <img src="failed.png">
                </img>
                <span class="method-name">tc_Packge_GurgaonSector47SignaturePackage</span>
                <span class="method-start">1118226 ms</span>
              </div> <!-- test-method -->
              <div class="configuration-method after">
                <span class="method-name">tearDown([TestResult name=tc_Packge_GurgaonSector47SignaturePackage status=FAILURE method=Package.tc_Packge_G...)</span>
                <span class="method-start">1214950 ms</span>
              </div> <!-- configuration-method after -->
              <div class="configuration-method before">
                <span class="method-name">runOncePerMethod(org.testng.TestRunner@60df60da, public void core.tests.Package.tc_Packge_HRBRLuxuryPackage() throws ...)</span>
                <span class="method-start">1216306 ms</span>
              </div> <!-- configuration-method before -->
              <div class="test-method">
                <img src="failed.png">
                </img>
                <span class="method-name">tc_Packge_HRBRLuxuryPackage</span>
                <span class="method-start">1239025 ms</span>
              </div> <!-- test-method -->
              <div class="configuration-method after">
                <span class="method-name">tearDown([TestResult name=tc_Packge_HRBRLuxuryPackage status=FAILURE method=Package.tc_Packge_HRBRLuxuryPacka...)</span>
                <span class="method-start">1322304 ms</span>
              </div> <!-- configuration-method after -->
              <div class="configuration-method before">
                <span class="method-name">runOncePerMethod(org.testng.TestRunner@60df60da, public void core.tests.Package.tc_Packge_HRBRSignaturePackage() thro...)</span>
                <span class="method-start">1323763 ms</span>
              </div> <!-- configuration-method before -->
              <div class="test-method">
                <img src="failed.png">
                </img>
                <span class="method-name">tc_Packge_HRBRSignaturePackage</span>
                <span class="method-start">1346420 ms</span>
              </div> <!-- test-method -->
              <div class="configuration-method after">
                <span class="method-name">tearDown([TestResult name=tc_Packge_HRBRSignaturePackage status=FAILURE method=Package.tc_Packge_HRBRSignatur...)</span>
                <span class="method-start">1428355 ms</span>
              </div> <!-- configuration-method after -->
              <div class="configuration-method before">
                <span class="method-name">runOncePerMethod(org.testng.TestRunner@60df60da, public void core.tests.Package.tc_Packge_MumbaiMaladLuxuryPackage() ...)</span>
                <span class="method-start">1429723 ms</span>
              </div> <!-- configuration-method before -->
              <div class="test-method">
                <img src="failed.png">
                </img>
                <span class="method-name">tc_Packge_MumbaiMaladLuxuryPackage</span>
                <span class="method-start">1452112 ms</span>
              </div> <!-- test-method -->
              <div class="configuration-method after">
                <span class="method-name">tearDown([TestResult name=tc_Packge_MumbaiMaladLuxuryPackage status=FAILURE method=Package.tc_Packge_MumbaiMa...)</span>
                <span class="method-start">1550043 ms</span>
              </div> <!-- configuration-method after -->
              <div class="configuration-method before">
                <span class="method-name">runOncePerMethod(org.testng.TestRunner@60df60da, public void core.tests.Package.tc_Packge_MumbaiMaladSignaturePackage...)</span>
                <span class="method-start">1551420 ms</span>
              </div> <!-- configuration-method before -->
              <div class="test-method">
                <img src="failed.png">
                </img>
                <span class="method-name">tc_Packge_MumbaiMaladSignaturePackage</span>
                <span class="method-start">1574703 ms</span>
              </div> <!-- test-method -->
              <div class="configuration-method after">
                <span class="method-name">tearDown([TestResult name=tc_Packge_MumbaiMaladSignaturePackage status=FAILURE method=Package.tc_Packge_Mumba...)</span>
                <span class="method-start">1673659 ms</span>
              </div> <!-- configuration-method after -->
              <div class="configuration-method before">
                <span class="method-name">runOncePerMethod(org.testng.TestRunner@60df60da, public void core.tests.Package.tc_Packge_MumbaiVashiDeluxePackage() ...)</span>
                <span class="method-start">1675204 ms</span>
              </div> <!-- configuration-method before -->
              <div class="test-method">
                <img src="failed.png">
                </img>
                <span class="method-name">tc_Packge_MumbaiVashiDeluxePackage</span>
                <span class="method-start">1698157 ms</span>
              </div> <!-- test-method -->
              <div class="configuration-method after">
                <span class="method-name">tearDown([TestResult name=tc_Packge_MumbaiVashiDeluxePackage status=FAILURE method=Package.tc_Packge_MumbaiVa...)</span>
                <span class="method-start">1796606 ms</span>
              </div> <!-- configuration-method after -->
              <div class="configuration-method before">
                <span class="method-name">runOncePerMethod(org.testng.TestRunner@60df60da, public void core.tests.Package.tc_Packge_MumbaiVashiSuitePackage() t...)</span>
                <span class="method-start">1797989 ms</span>
              </div> <!-- configuration-method before -->
              <div class="test-method">
                <img src="failed.png">
                </img>
                <span class="method-name">tc_Packge_MumbaiVashiSuitePackage</span>
                <span class="method-start">1820866 ms</span>
              </div> <!-- test-method -->
              <div class="configuration-method after">
                <span class="method-name">tearDown([TestResult name=tc_Packge_MumbaiVashiSuitePackage status=FAILURE method=Package.tc_Packge_MumbaiVas...)</span>
                <span class="method-start">1918482 ms</span>
              </div> <!-- configuration-method after -->
              <div class="configuration-method before">
                <span class="method-name">runOncePerMethod(org.testng.TestRunner@60df60da, public void core.tests.Package.tc_Packge_PuneKalyaniNagarLuxuryPacka...)</span>
                <span class="method-start">1919906 ms</span>
              </div> <!-- configuration-method before -->
              <div class="test-method">
                <img src="failed.png">
                </img>
                <span class="method-name">tc_Packge_PuneKalyaniNagarLuxuryPackage</span>
                <span class="method-start">1942518 ms</span>
              </div> <!-- test-method -->
              <div class="configuration-method after">
                <span class="method-name">tearDown([TestResult name=tc_Packge_PuneKalyaniNagarLuxuryPackage status=FAILURE method=Package.tc_Packge_Pun...)</span>
                <span class="method-start">2040219 ms</span>
              </div> <!-- configuration-method after -->
              <div class="configuration-method before">
                <span class="method-name">runOncePerMethod(org.testng.TestRunner@60df60da, public void core.tests.Package.tc_Packge_PuneKalyaniNagarSignaturePa...)</span>
                <span class="method-start">2041703 ms</span>
              </div> <!-- configuration-method before -->
              <div class="test-method">
                <img src="failed.png">
                </img>
                <span class="method-name">tc_Packge_PuneKalyaniNagarSignaturePackage</span>
                <span class="method-start">2064134 ms</span>
              </div> <!-- test-method -->
              <div class="configuration-method after">
                <span class="method-name">tearDown([TestResult name=tc_Packge_PuneKalyaniNagarSignaturePackage status=FAILURE method=Package.tc_Packge_...)</span>
                <span class="method-start">2163530 ms</span>
              </div> <!-- configuration-method after -->
              <div class="configuration-method before">
                <span class="method-name">runOncePerMethod(org.testng.TestRunner@60df60da, public void core.tests.Package.tc_Packge_PuneShivajiNagarLuxuryPacka...)</span>
                <span class="method-start">2165004 ms</span>
              </div> <!-- configuration-method before -->
              <div class="test-method">
                <img src="failed.png">
                </img>
                <span class="method-name">tc_Packge_PuneShivajiNagarLuxuryPackage</span>
                <span class="method-start">2187149 ms</span>
              </div> <!-- test-method -->
              <div class="configuration-method after">
                <span class="method-name">tearDown([TestResult name=tc_Packge_PuneShivajiNagarLuxuryPackage status=FAILURE method=Package.tc_Packge_Pun...)</span>
                <span class="method-start">2286535 ms</span>
              </div> <!-- configuration-method after -->
              <div class="configuration-method before">
                <span class="method-name">runOncePerMethod(org.testng.TestRunner@60df60da, public void core.tests.Package.tc_Packge_PuneShivajiNagarSignaturePa...)</span>
                <span class="method-start">2287949 ms</span>
              </div> <!-- configuration-method before -->
              <div class="test-method">
                <img src="failed.png">
                </img>
                <span class="method-name">tc_Packge_PuneShivajiNagarSignaturePackage</span>
                <span class="method-start">2310281 ms</span>
              </div> <!-- test-method -->
              <div class="configuration-method after">
                <span class="method-name">tearDown([TestResult name=tc_Packge_PuneShivajiNagarSignaturePackage status=FAILURE method=Package.tc_Packge_...)</span>
                <span class="method-start">2409520 ms</span>
              </div> <!-- configuration-method after -->
          </div> <!-- main-panel-content rounded-window-bottom -->
        </div> <!-- panel -->
      </div> <!-- main-panel-root -->
    </div> <!-- wrapper -->
  </body>
</html>
